=== Rubik's Cube Debug Log ===
Started: 2025-11-30 13:44:06
==============================

Phase 2: Initialized 27 Rubik pieces
Piece 0: F=[1.0,0.0,0.0] B=[0.1,0.1,0.1] L=[0.0,0.0,1.0] R=[0.1,0.1,0.1] U=[0.1,0.1,0.1] D=[1.0,1.0,0.0]

=== ROTATION IDENTITY TEST ===
Testing FRONT: performing 4 CW turns...
ROTATE FRONT CW: colors swapped, positions preserved
[000075.000 ms] ROTATE FRONT CW: pieces [0,1,2,3,4,5,6,7,8]
[000075.000 ms] Piece 0 AFTER: F=[1.0,0.0,0.0] B=[0.1,0.1,0.1] L=[1.0,1.0,0.0] R=[0.1,0.1,0.1] U=[0.1,0.1,0.1] D=[0.0,1.0,0.0]
ROTATE FRONT CW: colors swapped, positions preserved
[000075.000 ms] ROTATE FRONT CW: pieces [0,1,2,3,4,5,6,7,8]
[000075.000 ms] Piece 0 AFTER: F=[1.0,0.0,0.0] B=[0.1,0.1,0.1] L=[0.0,1.0,0.0] R=[0.1,0.1,0.1] U=[0.1,0.1,0.1] D=[1.0,1.0,1.0]
ROTATE FRONT CW: colors swapped, positions preserved
[000075.000 ms] ROTATE FRONT CW: pieces [0,1,2,3,4,5,6,7,8]
[000075.000 ms] Piece 0 AFTER: F=[1.0,0.0,0.0] B=[0.1,0.1,0.1] L=[1.0,1.0,1.0] R=[0.1,0.1,0.1] U=[0.1,0.1,0.1] D=[0.0,0.0,1.0]
ROTATE FRONT CW: colors swapped, positions preserved
[000077.000 ms] ROTATE FRONT CW: pieces [0,1,2,3,4,5,6,7,8]
[000077.000 ms] Piece 0 AFTER: F=[1.0,0.0,0.0] B=[0.1,0.1,0.1] L=[0.0,0.0,1.0] R=[0.1,0.1,0.1] U=[0.1,0.1,0.1] D=[1.0,1.0,0.0]
  -> FRONT PASSED (486/486 matches)
Testing BACK: performing 4 CW turns...
ROTATE BACK CW: colors swapped, positions preserved
[000077.000 ms] ROTATE BACK CW: pieces [18,19,20,21,22,23,24,25,26]
[000077.000 ms] Piece 18 AFTER: F=[0.1,0.1,0.1] B=[1.0,0.5,0.0] L=[1.0,1.0,1.0] R=[0.1,0.1,0.1] U=[0.1,0.1,0.1] D=[0.0,0.0,1.0]
ROTATE BACK CW: colors swapped, positions preserved
[000077.000 ms] ROTATE BACK CW: pieces [18,19,20,21,22,23,24,25,26]
[000077.000 ms] Piece 18 AFTER: F=[0.1,0.1,0.1] B=[1.0,0.5,0.0] L=[0.0,1.0,0.0] R=[0.1,0.1,0.1] U=[0.1,0.1,0.1] D=[1.0,1.0,1.0]
ROTATE BACK CW: colors swapped, positions preserved
[000077.000 ms] ROTATE BACK CW: pieces [18,19,20,21,22,23,24,25,26]
[000077.000 ms] Piece 18 AFTER: F=[0.1,0.1,0.1] B=[1.0,0.5,0.0] L=[1.0,1.0,0.0] R=[0.1,0.1,0.1] U=[0.1,0.1,0.1] D=[0.0,1.0,0.0]
ROTATE BACK CW: colors swapped, positions preserved
[000077.000 ms] ROTATE BACK CW: pieces [18,19,20,21,22,23,24,25,26]
[000077.000 ms] Piece 18 AFTER: F=[0.1,0.1,0.1] B=[1.0,0.5,0.0] L=[0.0,0.0,1.0] R=[0.1,0.1,0.1] U=[0.1,0.1,0.1] D=[1.0,1.0,0.0]
  -> BACK PASSED (486/486 matches)
Testing LEFT: performing 4 CW turns...
ROTATE LEFT CW: colors swapped, positions preserved
[000077.000 ms] ROTATE LEFT CW: pieces [0,9,18,3,12,21,6,15,24]
[000077.000 ms] Piece 0 AFTER: F=[1.0,1.0,1.0] B=[0.1,0.1,0.1] L=[0.0,0.0,1.0] R=[0.1,0.1,0.1] U=[0.1,0.1,0.1] D=[1.0,0.0,0.0]
ROTATE LEFT CW: colors swapped, positions preserved
[000077.000 ms] ROTATE LEFT CW: pieces [0,9,18,3,12,21,6,15,24]
[000077.000 ms] Piece 0 AFTER: F=[1.0,0.5,0.0] B=[0.1,0.1,0.1] L=[0.0,0.0,1.0] R=[0.1,0.1,0.1] U=[0.1,0.1,0.1] D=[1.0,1.0,1.0]
ROTATE LEFT CW: colors swapped, positions preserved
[000077.000 ms] ROTATE LEFT CW: pieces [0,9,18,3,12,21,6,15,24]
[000077.000 ms] Piece 0 AFTER: F=[1.0,1.0,0.0] B=[0.1,0.1,0.1] L=[0.0,0.0,1.0] R=[0.1,0.1,0.1] U=[0.1,0.1,0.1] D=[1.0,0.5,0.0]
ROTATE LEFT CW: colors swapped, positions preserved
[000077.000 ms] ROTATE LEFT CW: pieces [0,9,18,3,12,21,6,15,24]
[000077.000 ms] Piece 0 AFTER: F=[1.0,0.0,0.0] B=[0.1,0.1,0.1] L=[0.0,0.0,1.0] R=[0.1,0.1,0.1] U=[0.1,0.1,0.1] D=[1.0,1.0,0.0]
  -> LEFT PASSED (486/486 matches)
Testing RIGHT: performing 4 CW turns...
ROTATE RIGHT CW: colors swapped, positions preserved
[000077.000 ms] ROTATE RIGHT CW: pieces [2,11,20,5,14,23,8,17,26]
[000077.000 ms] Piece 2 AFTER: F=[1.0,1.0,0.0] B=[0.1,0.1,0.1] L=[0.1,0.1,0.1] R=[0.0,1.0,0.0] U=[0.1,0.1,0.1] D=[1.0,0.5,0.0]
ROTATE RIGHT CW: colors swapped, positions preserved
[000077.000 ms] ROTATE RIGHT CW: pieces [2,11,20,5,14,23,8,17,26]
[000077.000 ms] Piece 2 AFTER: F=[1.0,0.5,0.0] B=[0.1,0.1,0.1] L=[0.1,0.1,0.1] R=[0.0,1.0,0.0] U=[0.1,0.1,0.1] D=[1.0,1.0,1.0]
ROTATE RIGHT CW: colors swapped, positions preserved
[000077.000 ms] ROTATE RIGHT CW: pieces [2,11,20,5,14,23,8,17,26]
[000077.000 ms] Piece 2 AFTER: F=[1.0,1.0,1.0] B=[0.1,0.1,0.1] L=[0.1,0.1,0.1] R=[0.0,1.0,0.0] U=[0.1,0.1,0.1] D=[1.0,0.0,0.0]
ROTATE RIGHT CW: colors swapped, positions preserved
[000077.000 ms] ROTATE RIGHT CW: pieces [2,11,20,5,14,23,8,17,26]
[000077.000 ms] Piece 2 AFTER: F=[1.0,0.0,0.0] B=[0.1,0.1,0.1] L=[0.1,0.1,0.1] R=[0.0,1.0,0.0] U=[0.1,0.1,0.1] D=[1.0,1.0,0.0]
  -> RIGHT PASSED (486/486 matches)
Testing UP: performing 4 CW turns...
ROTATE UP CW: colors swapped, positions preserved
[000077.000 ms] ROTATE UP CW: pieces [6,7,8,15,16,17,24,25,26]
[000077.000 ms] Piece 6 AFTER: F=[0.0,1.0,0.0] B=[0.1,0.1,0.1] L=[1.0,0.0,0.0] R=[0.1,0.1,0.1] U=[1.0,1.0,1.0] D=[0.1,0.1,0.1]
ROTATE UP CW: colors swapped, positions preserved
[000077.000 ms] ROTATE UP CW: pieces [6,7,8,15,16,17,24,25,26]
[000077.000 ms] Piece 6 AFTER: F=[1.0,0.5,0.0] B=[0.1,0.1,0.1] L=[0.0,1.0,0.0] R=[0.1,0.1,0.1] U=[1.0,1.0,1.0] D=[0.1,0.1,0.1]
ROTATE UP CW: colors swapped, positions preserved
[000077.000 ms] ROTATE UP CW: pieces [6,7,8,15,16,17,24,25,26]
[000077.000 ms] Piece 6 AFTER: F=[0.0,0.0,1.0] B=[0.1,0.1,0.1] L=[1.0,0.5,0.0] R=[0.1,0.1,0.1] U=[1.0,1.0,1.0] D=[0.1,0.1,0.1]
ROTATE UP CW: colors swapped, positions preserved
[000077.000 ms] ROTATE UP CW: pieces [6,7,8,15,16,17,24,25,26]
[000077.000 ms] Piece 6 AFTER: F=[1.0,0.0,0.0] B=[0.1,0.1,0.1] L=[0.0,0.0,1.0] R=[0.1,0.1,0.1] U=[1.0,1.0,1.0] D=[0.1,0.1,0.1]
  -> UP PASSED (486/486 matches)
Testing DOWN: performing 4 CW turns...
ROTATE DOWN CW: colors swapped, positions preserved
[000077.000 ms] ROTATE DOWN CW: pieces [0,1,2,9,10,11,18,19,20]
[000077.000 ms] Piece 0 AFTER: F=[0.0,0.0,1.0] B=[0.1,0.1,0.1] L=[1.0,0.5,0.0] R=[0.1,0.1,0.1] U=[0.1,0.1,0.1] D=[1.0,1.0,0.0]
ROTATE DOWN CW: colors swapped, positions preserved
[000077.000 ms] ROTATE DOWN CW: pieces [0,1,2,9,10,11,18,19,20]
[000077.000 ms] Piece 0 AFTER: F=[1.0,0.5,0.0] B=[0.1,0.1,0.1] L=[0.0,1.0,0.0] R=[0.1,0.1,0.1] U=[0.1,0.1,0.1] D=[1.0,1.0,0.0]
ROTATE DOWN CW: colors swapped, positions preserved
[000078.000 ms] ROTATE DOWN CW: pieces [0,1,2,9,10,11,18,19,20]
[000078.000 ms] Piece 0 AFTER: F=[0.0,1.0,0.0] B=[0.1,0.1,0.1] L=[1.0,0.0,0.0] R=[0.1,0.1,0.1] U=[0.1,0.1,0.1] D=[1.0,1.0,0.0]
ROTATE DOWN CW: colors swapped, positions preserved
[000078.000 ms] ROTATE DOWN CW: pieces [0,1,2,9,10,11,18,19,20]
[000078.000 ms] Piece 0 AFTER: F=[1.0,0.0,0.0] B=[0.1,0.1,0.1] L=[0.0,0.0,1.0] R=[0.1,0.1,0.1] U=[0.1,0.1,0.1] D=[1.0,1.0,0.0]
  -> DOWN PASSED (486/486 matches)
=== END ROTATION IDENTITY TEST ===

FACE CHANGE: FRONT | verticalAxis=[1.0,0.0,0.0] horizontalAxis=[0.0,1.0,0.0]
Application initialized successfully

DISPLAY: frame=1
[003740.000 ms] REL FACE 4 -> DOWN (front=FRONT up=UP right=RIGHT) angles(X=0.0,Y=0.0)
ROTATE DOWN CW: colors swapped, positions preserved
[003740.000 ms] ROTATE DOWN CW: pieces [0,1,2,9,10,11,18,19,20]
[003740.000 ms] Piece 0 AFTER: F=[0.0,0.0,1.0] B=[0.1,0.1,0.1] L=[1.0,0.5,0.0] R=[0.1,0.1,0.1] U=[0.1,0.1,0.1] D=[1.0,1.0,0.0]
[008220.000 ms] REL FACE 4 -> DOWN (front=FRONT up=UP right=RIGHT) angles(X=0.0,Y=0.0)
ROTATE DOWN CW: colors swapped, positions preserved
[008220.000 ms] ROTATE DOWN CW: pieces [0,1,2,9,10,11,18,19,20]
[008220.000 ms] Piece 0 AFTER: F=[1.0,0.5,0.0] B=[0.1,0.1,0.1] L=[0.0,1.0,0.0] R=[0.1,0.1,0.1] U=[0.1,0.1,0.1] D=[1.0,1.0,0.0]
[011235.000 ms] REL FACE 4 -> DOWN (front=FRONT up=UP right=RIGHT) angles(X=0.0,Y=0.0)
ROTATE DOWN CW: colors swapped, positions preserved
[011235.000 ms] ROTATE DOWN CW: pieces [0,1,2,9,10,11,18,19,20]
[011235.000 ms] Piece 0 AFTER: F=[0.0,1.0,0.0] B=[0.1,0.1,0.1] L=[1.0,0.0,0.0] R=[0.1,0.1,0.1] U=[0.1,0.1,0.1] D=[1.0,1.0,0.0]
[011235.000 ms] INPUT DROPPED: REL FACE 4 CW (delta=0.000 ms)
[013093.000 ms] REL FACE 4 -> DOWN (front=FRONT up=UP right=RIGHT) angles(X=0.0,Y=0.0)
ROTATE DOWN CW: colors swapped, positions preserved
[013093.000 ms] ROTATE DOWN CW: pieces [0,1,2,9,10,11,18,19,20]
[013093.000 ms] Piece 0 AFTER: F=[1.0,0.0,0.0] B=[0.1,0.1,0.1] L=[0.0,0.0,1.0] R=[0.1,0.1,0.1] U=[0.1,0.1,0.1] D=[1.0,1.0,0.0]
MOUSE EVENT: button=0 state=0 x=502 y=375
*** DRAG START ***
MOUSE: x=501 y=375 | dx=-1 dy=0 | yawDelta=-0.3 pitchDelta=0.0
  → Updated angles: X=0.0 Y=-0.3
MOUSE: x=500 y=375 | dx=-1 dy=0 | yawDelta=-0.3 pitchDelta=0.0
  → Updated angles: X=0.0 Y=-0.6
MOUSE: x=499 y=375 | dx=-1 dy=0 | yawDelta=-0.3 pitchDelta=0.0
  → Updated angles: X=0.0 Y=-0.9
MOUSE: x=498 y=375 | dx=-1 dy=0 | yawDelta=-0.3 pitchDelta=0.0
  → Updated angles: X=0.0 Y=-1.2
MOUSE: x=497 y=375 | dx=-1 dy=0 | yawDelta=-0.3 pitchDelta=0.0
  → Updated angles: X=0.0 Y=-1.5
MOUSE: x=495 y=375 | dx=-2 dy=0 | yawDelta=-0.6 pitchDelta=0.0
  → Updated angles: X=0.0 Y=-2.1
MOUSE: x=493 y=375 | dx=-2 dy=0 | yawDelta=-0.6 pitchDelta=0.0
  → Updated angles: X=0.0 Y=-2.7
MOUSE: x=492 y=375 | dx=-1 dy=0 | yawDelta=-0.3 pitchDelta=0.0
  → Updated angles: X=0.0 Y=-3.0
MOUSE: x=491 y=375 | dx=-1 dy=0 | yawDelta=-0.3 pitchDelta=0.0
  → Updated angles: X=0.0 Y=-3.3
MOUSE: x=487 y=375 | dx=-4 dy=0 | yawDelta=-1.2 pitchDelta=0.0
  → Updated angles: X=0.0 Y=-4.5
MOUSE: x=480 y=375 | dx=-7 dy=0 | yawDelta=-2.1 pitchDelta=0.0
  → Updated angles: X=0.0 Y=-6.6
MOUSE: x=475 y=375 | dx=-5 dy=0 | yawDelta=-1.5 pitchDelta=0.0
  → Updated angles: X=0.0 Y=-8.1
MOUSE: x=473 y=375 | dx=-2 dy=0 | yawDelta=-0.6 pitchDelta=0.0
  → Updated angles: X=0.0 Y=-8.7
MOUSE: x=467 y=375 | dx=-6 dy=0 | yawDelta=-1.8 pitchDelta=0.0
  → Updated angles: X=0.0 Y=-10.5
MOUSE: x=466 y=375 | dx=-1 dy=0 | yawDelta=-0.3 pitchDelta=0.0
  → Updated angles: X=0.0 Y=-10.8
MOUSE: x=463 y=375 | dx=-3 dy=0 | yawDelta=-0.9 pitchDelta=0.0
  → Updated angles: X=0.0 Y=-11.7
MOUSE: x=462 y=375 | dx=-1 dy=0 | yawDelta=-0.3 pitchDelta=0.0
  → Updated angles: X=0.0 Y=-12.0
MOUSE: x=459 y=375 | dx=-3 dy=0 | yawDelta=-0.9 pitchDelta=0.0
  → Updated angles: X=0.0 Y=-12.9
MOUSE: x=457 y=375 | dx=-2 dy=0 | yawDelta=-0.6 pitchDelta=0.0
  → Updated angles: X=0.0 Y=-13.5
MOUSE: x=455 y=375 | dx=-2 dy=0 | yawDelta=-0.6 pitchDelta=0.0
  → Updated angles: X=0.0 Y=-14.1
MOUSE: x=453 y=376 | dx=-2 dy=1 | yawDelta=-0.6 pitchDelta=0.3
  → Updated angles: X=0.3 Y=-14.7
MOUSE: x=451 y=376 | dx=-2 dy=0 | yawDelta=-0.6 pitchDelta=0.0
  → Updated angles: X=0.3 Y=-15.3
MOUSE: x=450 y=376 | dx=-1 dy=0 | yawDelta=-0.3 pitchDelta=0.0
  → Updated angles: X=0.3 Y=-15.6
MOUSE: x=447 y=376 | dx=-3 dy=0 | yawDelta=-0.9 pitchDelta=0.0
  → Updated angles: X=0.3 Y=-16.5
MOUSE: x=445 y=377 | dx=-2 dy=1 | yawDelta=-0.6 pitchDelta=0.3
  → Updated angles: X=0.6 Y=-17.1
MOUSE: x=443 y=377 | dx=-2 dy=0 | yawDelta=-0.6 pitchDelta=0.0
  → Updated angles: X=0.6 Y=-17.7
MOUSE: x=440 y=377 | dx=-3 dy=0 | yawDelta=-0.9 pitchDelta=0.0
  → Updated angles: X=0.6 Y=-18.6
MOUSE: x=439 y=377 | dx=-1 dy=0 | yawDelta=-0.3 pitchDelta=0.0
  → Updated angles: X=0.6 Y=-18.9
MOUSE: x=437 y=377 | dx=-2 dy=0 | yawDelta=-0.6 pitchDelta=0.0
  → Updated angles: X=0.6 Y=-19.5
MOUSE: x=434 y=378 | dx=-3 dy=1 | yawDelta=-0.9 pitchDelta=0.3
  → Updated angles: X=0.9 Y=-20.4
MOUSE: x=432 y=378 | dx=-2 dy=0 | yawDelta=-0.6 pitchDelta=0.0
  → Updated angles: X=0.9 Y=-21.0
MOUSE: x=430 y=378 | dx=-2 dy=0 | yawDelta=-0.6 pitchDelta=0.0
  → Updated angles: X=0.9 Y=-21.6
MOUSE: x=429 y=378 | dx=-1 dy=0 | yawDelta=-0.3 pitchDelta=0.0
  → Updated angles: X=0.9 Y=-21.9
MOUSE: x=426 y=378 | dx=-3 dy=0 | yawDelta=-0.9 pitchDelta=0.0
  → Updated angles: X=0.9 Y=-22.8
MOUSE: x=425 y=378 | dx=-1 dy=0 | yawDelta=-0.3 pitchDelta=0.0
  → Updated angles: X=0.9 Y=-23.1
MOUSE: x=422 y=378 | dx=-3 dy=0 | yawDelta=-0.9 pitchDelta=0.0
  → Updated angles: X=0.9 Y=-24.0
MOUSE: x=420 y=378 | dx=-2 dy=0 | yawDelta=-0.6 pitchDelta=0.0
  → Updated angles: X=0.9 Y=-24.6
MOUSE: x=418 y=378 | dx=-2 dy=0 | yawDelta=-0.6 pitchDelta=0.0
  → Updated angles: X=0.9 Y=-25.2
DISPLAY: frame=31
MOUSE: x=416 y=378 | dx=-2 dy=0 | yawDelta=-0.6 pitchDelta=0.0
  → Updated angles: X=0.9 Y=-25.8
MOUSE: x=414 y=379 | dx=-2 dy=1 | yawDelta=-0.6 pitchDelta=0.3
  → Updated angles: X=1.2 Y=-26.4
MOUSE: x=413 y=379 | dx=-1 dy=0 | yawDelta=-0.3 pitchDelta=0.0
  → Updated angles: X=1.2 Y=-26.7
MOUSE: x=410 y=379 | dx=-3 dy=0 | yawDelta=-0.9 pitchDelta=0.0
  → Updated angles: X=1.2 Y=-27.6
MOUSE: x=409 y=379 | dx=-1 dy=0 | yawDelta=-0.3 pitchDelta=0.0
  → Updated angles: X=1.2 Y=-27.9
MOUSE: x=407 y=379 | dx=-2 dy=0 | yawDelta=-0.6 pitchDelta=0.0
  → Updated angles: X=1.2 Y=-28.5
MOUSE: x=406 y=380 | dx=-1 dy=1 | yawDelta=-0.3 pitchDelta=0.3
  → Updated angles: X=1.5 Y=-28.8
MOUSE: x=403 y=380 | dx=-3 dy=0 | yawDelta=-0.9 pitchDelta=0.0
  → Updated angles: X=1.5 Y=-29.7
MOUSE: x=402 y=380 | dx=-1 dy=0 | yawDelta=-0.3 pitchDelta=0.0
  → Updated angles: X=1.5 Y=-30.0
MOUSE: x=400 y=380 | dx=-2 dy=0 | yawDelta=-0.6 pitchDelta=0.0
  → Updated angles: X=1.5 Y=-30.6
MOUSE: x=399 y=380 | dx=-1 dy=0 | yawDelta=-0.3 pitchDelta=0.0
  → Updated angles: X=1.5 Y=-30.9
MOUSE: x=398 y=380 | dx=-1 dy=0 | yawDelta=-0.3 pitchDelta=0.0
  → Updated angles: X=1.5 Y=-31.2
MOUSE: x=396 y=381 | dx=-2 dy=1 | yawDelta=-0.6 pitchDelta=0.3
  → Updated angles: X=1.8 Y=-31.8
MOUSE: x=395 y=381 | dx=-1 dy=0 | yawDelta=-0.3 pitchDelta=0.0
  → Updated angles: X=1.8 Y=-32.1
MOUSE: x=393 y=381 | dx=-2 dy=0 | yawDelta=-0.6 pitchDelta=0.0
  → Updated angles: X=1.8 Y=-32.7
MOUSE: x=391 y=381 | dx=-2 dy=0 | yawDelta=-0.6 pitchDelta=0.0
  → Updated angles: X=1.8 Y=-33.3
MOUSE: x=390 y=381 | dx=-1 dy=0 | yawDelta=-0.3 pitchDelta=0.0
  → Updated angles: X=1.8 Y=-33.6
MOUSE: x=389 y=381 | dx=-1 dy=0 | yawDelta=-0.3 pitchDelta=0.0
  → Updated angles: X=1.8 Y=-33.9
MOUSE: x=388 y=381 | dx=-1 dy=0 | yawDelta=-0.3 pitchDelta=0.0
  → Updated angles: X=1.8 Y=-34.2
MOUSE: x=387 y=381 | dx=-1 dy=0 | yawDelta=-0.3 pitchDelta=0.0
  → Updated angles: X=1.8 Y=-34.5
MOUSE: x=386 y=381 | dx=-1 dy=0 | yawDelta=-0.3 pitchDelta=0.0
  → Updated angles: X=1.8 Y=-34.8
MOUSE: x=385 y=381 | dx=-1 dy=0 | yawDelta=-0.3 pitchDelta=0.0
  → Updated angles: X=1.8 Y=-35.1
MOUSE: x=383 y=381 | dx=-2 dy=0 | yawDelta=-0.6 pitchDelta=0.0
  → Updated angles: X=1.8 Y=-35.7
MOUSE: x=381 y=381 | dx=-2 dy=0 | yawDelta=-0.6 pitchDelta=0.0
  → Updated angles: X=1.8 Y=-36.3
MOUSE: x=380 y=381 | dx=-1 dy=0 | yawDelta=-0.3 pitchDelta=0.0
  → Updated angles: X=1.8 Y=-36.6
MOUSE: x=379 y=381 | dx=-1 dy=0 | yawDelta=-0.3 pitchDelta=0.0
  → Updated angles: X=1.8 Y=-36.9
MOUSE: x=378 y=381 | dx=-1 dy=0 | yawDelta=-0.3 pitchDelta=0.0
  → Updated angles: X=1.8 Y=-37.2
MOUSE: x=377 y=381 | dx=-1 dy=0 | yawDelta=-0.3 pitchDelta=0.0
  → Updated angles: X=1.8 Y=-37.5
MOUSE: x=375 y=381 | dx=-2 dy=0 | yawDelta=-0.6 pitchDelta=0.0
  → Updated angles: X=1.8 Y=-38.1
MOUSE: x=374 y=381 | dx=-1 dy=0 | yawDelta=-0.3 pitchDelta=0.0
  → Updated angles: X=1.8 Y=-38.4
DISPLAY: frame=61
MOUSE: x=373 y=382 | dx=-1 dy=1 | yawDelta=-0.3 pitchDelta=0.3
  → Updated angles: X=2.1 Y=-38.7
MOUSE: x=372 y=382 | dx=-1 dy=0 | yawDelta=-0.3 pitchDelta=0.0
  → Updated angles: X=2.1 Y=-39.0
MOUSE: x=371 y=382 | dx=-1 dy=0 | yawDelta=-0.3 pitchDelta=0.0
  → Updated angles: X=2.1 Y=-39.3
MOUSE: x=370 y=382 | dx=-1 dy=0 | yawDelta=-0.3 pitchDelta=0.0
  → Updated angles: X=2.1 Y=-39.6
MOUSE: x=369 y=382 | dx=-1 dy=0 | yawDelta=-0.3 pitchDelta=0.0
  → Updated angles: X=2.1 Y=-39.9
MOUSE: x=368 y=382 | dx=-1 dy=0 | yawDelta=-0.3 pitchDelta=0.0
  → Updated angles: X=2.1 Y=-40.2
MOUSE: x=367 y=382 | dx=-1 dy=0 | yawDelta=-0.3 pitchDelta=0.0
  → Updated angles: X=2.1 Y=-40.5
MOUSE: x=366 y=382 | dx=-1 dy=0 | yawDelta=-0.3 pitchDelta=0.0
  → Updated angles: X=2.1 Y=-40.8
MOUSE: x=365 y=382 | dx=-1 dy=0 | yawDelta=-0.3 pitchDelta=0.0
  → Updated angles: X=2.1 Y=-41.1
MOUSE: x=364 y=382 | dx=-1 dy=0 | yawDelta=-0.3 pitchDelta=0.0
  → Updated angles: X=2.1 Y=-41.4
MOUSE: x=363 y=382 | dx=-1 dy=0 | yawDelta=-0.3 pitchDelta=0.0
  → Updated angles: X=2.1 Y=-41.7
MOUSE: x=362 y=382 | dx=-1 dy=0 | yawDelta=-0.3 pitchDelta=0.0
  → Updated angles: X=2.1 Y=-42.0
MOUSE: x=361 y=382 | dx=-1 dy=0 | yawDelta=-0.3 pitchDelta=0.0
  → Updated angles: X=2.1 Y=-42.3
MOUSE: x=360 y=382 | dx=-1 dy=0 | yawDelta=-0.3 pitchDelta=0.0
  → Updated angles: X=2.1 Y=-42.6
MOUSE: x=359 y=382 | dx=-1 dy=0 | yawDelta=-0.3 pitchDelta=0.0
  → Updated angles: X=2.1 Y=-42.9
MOUSE: x=358 y=382 | dx=-1 dy=0 | yawDelta=-0.3 pitchDelta=0.0
  → Updated angles: X=2.1 Y=-43.2
MOUSE: x=357 y=382 | dx=-1 dy=0 | yawDelta=-0.3 pitchDelta=0.0
  → Updated angles: X=2.1 Y=-43.5
MOUSE: x=356 y=382 | dx=-1 dy=0 | yawDelta=-0.3 pitchDelta=0.0
  → Updated angles: X=2.1 Y=-43.8
MOUSE: x=355 y=382 | dx=-1 dy=0 | yawDelta=-0.3 pitchDelta=0.0
  → Updated angles: X=2.1 Y=-44.1
MOUSE: x=354 y=382 | dx=-1 dy=0 | yawDelta=-0.3 pitchDelta=0.0
  → Updated angles: X=2.1 Y=-44.4
MOUSE: x=353 y=382 | dx=-1 dy=0 | yawDelta=-0.3 pitchDelta=0.0
  → Updated angles: X=2.1 Y=-44.7
MOUSE: x=352 y=382 | dx=-1 dy=0 | yawDelta=-0.3 pitchDelta=0.0
  → Updated angles: X=2.1 Y=-45.0
MOUSE: x=351 y=382 | dx=-1 dy=0 | yawDelta=-0.3 pitchDelta=0.0
  → Updated angles: X=2.1 Y=-45.3
MOUSE: x=350 y=382 | dx=-1 dy=0 | yawDelta=-0.3 pitchDelta=0.0
  → Updated angles: X=2.1 Y=-45.6
MOUSE: x=349 y=382 | dx=-1 dy=0 | yawDelta=-0.3 pitchDelta=0.0
  → Updated angles: X=2.1 Y=-45.9
MOUSE: x=348 y=382 | dx=-1 dy=0 | yawDelta=-0.3 pitchDelta=0.0
  → Updated angles: X=2.1 Y=-46.2
MOUSE: x=347 y=382 | dx=-1 dy=0 | yawDelta=-0.3 pitchDelta=0.0
  → Updated angles: X=2.1 Y=-46.5
MOUSE: x=346 y=382 | dx=-1 dy=0 | yawDelta=-0.3 pitchDelta=0.0
  → Updated angles: X=2.1 Y=-46.8
MOUSE: x=345 y=382 | dx=-1 dy=0 | yawDelta=-0.3 pitchDelta=0.0
  → Updated angles: X=2.1 Y=-47.1
MOUSE: x=344 y=382 | dx=-1 dy=0 | yawDelta=-0.3 pitchDelta=0.0
  → Updated angles: X=2.1 Y=-47.4
DISPLAY: frame=91
MOUSE: x=343 y=382 | dx=-1 dy=0 | yawDelta=-0.3 pitchDelta=0.0
  → Updated angles: X=2.1 Y=-47.7
MOUSE: x=342 y=382 | dx=-1 dy=0 | yawDelta=-0.3 pitchDelta=0.0
  → Updated angles: X=2.1 Y=-48.0
MOUSE: x=341 y=382 | dx=-1 dy=0 | yawDelta=-0.3 pitchDelta=0.0
  → Updated angles: X=2.1 Y=-48.3
MOUSE: x=340 y=382 | dx=-1 dy=0 | yawDelta=-0.3 pitchDelta=0.0
  → Updated angles: X=2.1 Y=-48.6
MOUSE: x=339 y=382 | dx=-1 dy=0 | yawDelta=-0.3 pitchDelta=0.0
  → Updated angles: X=2.1 Y=-48.9
MOUSE: x=338 y=382 | dx=-1 dy=0 | yawDelta=-0.3 pitchDelta=0.0
  → Updated angles: X=2.1 Y=-49.2
MOUSE: x=337 y=382 | dx=-1 dy=0 | yawDelta=-0.3 pitchDelta=0.0
  → Updated angles: X=2.1 Y=-49.5
MOUSE: x=336 y=382 | dx=-1 dy=0 | yawDelta=-0.3 pitchDelta=0.0
  → Updated angles: X=2.1 Y=-49.8
MOUSE: x=335 y=382 | dx=-1 dy=0 | yawDelta=-0.3 pitchDelta=0.0
  → Updated angles: X=2.1 Y=-50.1
MOUSE: x=334 y=382 | dx=-1 dy=0 | yawDelta=-0.3 pitchDelta=0.0
  → Updated angles: X=2.1 Y=-50.4
MOUSE: x=333 y=382 | dx=-1 dy=0 | yawDelta=-0.3 pitchDelta=0.0
  → Updated angles: X=2.1 Y=-50.7
MOUSE: x=332 y=382 | dx=-1 dy=0 | yawDelta=-0.3 pitchDelta=0.0
  → Updated angles: X=2.1 Y=-51.0
MOUSE: x=331 y=382 | dx=-1 dy=0 | yawDelta=-0.3 pitchDelta=0.0
  → Updated angles: X=2.1 Y=-51.3
MOUSE: x=331 y=381 | dx=0 dy=-1 | yawDelta=0.0 pitchDelta=-0.3
  → Updated angles: X=1.8 Y=-51.3
MOUSE: x=330 y=381 | dx=-1 dy=0 | yawDelta=-0.3 pitchDelta=0.0
  → Updated angles: X=1.8 Y=-51.6
MOUSE: x=330 y=380 | dx=0 dy=-1 | yawDelta=0.0 pitchDelta=-0.3
  → Updated angles: X=1.5 Y=-51.6
MOUSE: x=329 y=380 | dx=-1 dy=0 | yawDelta=-0.3 pitchDelta=0.0
  → Updated angles: X=1.5 Y=-51.9
MOUSE: x=328 y=380 | dx=-1 dy=0 | yawDelta=-0.3 pitchDelta=0.0
  → Updated angles: X=1.5 Y=-52.2
MOUSE: x=327 y=380 | dx=-1 dy=0 | yawDelta=-0.3 pitchDelta=0.0
  → Updated angles: X=1.5 Y=-52.5
MOUSE: x=326 y=379 | dx=-1 dy=-1 | yawDelta=-0.3 pitchDelta=-0.3
  → Updated angles: X=1.2 Y=-52.8
MOUSE: x=325 y=379 | dx=-1 dy=0 | yawDelta=-0.3 pitchDelta=0.0
  → Updated angles: X=1.2 Y=-53.1
MOUSE: x=324 y=379 | dx=-1 dy=0 | yawDelta=-0.3 pitchDelta=0.0
  → Updated angles: X=1.2 Y=-53.4
MOUSE: x=324 y=378 | dx=0 dy=-1 | yawDelta=0.0 pitchDelta=-0.3
  → Updated angles: X=0.9 Y=-53.4
MOUSE: x=323 y=378 | dx=-1 dy=0 | yawDelta=-0.3 pitchDelta=0.0
  → Updated angles: X=0.9 Y=-53.7
MOUSE: x=322 y=378 | dx=-1 dy=0 | yawDelta=-0.3 pitchDelta=0.0
  → Updated angles: X=0.9 Y=-54.0
MOUSE: x=321 y=377 | dx=-1 dy=-1 | yawDelta=-0.3 pitchDelta=-0.3
  → Updated angles: X=0.6 Y=-54.3
MOUSE: x=320 y=377 | dx=-1 dy=0 | yawDelta=-0.3 pitchDelta=0.0
  → Updated angles: X=0.6 Y=-54.6
MOUSE: x=320 y=376 | dx=0 dy=-1 | yawDelta=0.0 pitchDelta=-0.3
  → Updated angles: X=0.3 Y=-54.6
MOUSE: x=319 y=376 | dx=-1 dy=0 | yawDelta=-0.3 pitchDelta=0.0
  → Updated angles: X=0.3 Y=-54.9
MOUSE: x=318 y=375 | dx=-1 dy=-1 | yawDelta=-0.3 pitchDelta=-0.3
  → Updated angles: X=0.0 Y=-55.2
MOUSE: x=317 y=375 | dx=-1 dy=0 | yawDelta=-0.3 pitchDelta=0.0
  → Updated angles: X=0.0 Y=-55.5
DISPLAY: frame=121
MOUSE: x=316 y=375 | dx=-1 dy=0 | yawDelta=-0.3 pitchDelta=0.0
  → Updated angles: X=0.0 Y=-55.8
MOUSE: x=315 y=375 | dx=-1 dy=0 | yawDelta=-0.3 pitchDelta=0.0
  → Updated angles: X=0.0 Y=-56.1
MOUSE: x=315 y=374 | dx=0 dy=-1 | yawDelta=0.0 pitchDelta=-0.3
  → Updated angles: X=-0.3 Y=-56.1
MOUSE: x=314 y=374 | dx=-1 dy=0 | yawDelta=-0.3 pitchDelta=0.0
  → Updated angles: X=-0.3 Y=-56.4
MOUSE: x=314 y=373 | dx=0 dy=-1 | yawDelta=0.0 pitchDelta=-0.3
  → Updated angles: X=-0.6 Y=-56.4
MOUSE: x=313 y=373 | dx=-1 dy=0 | yawDelta=-0.3 pitchDelta=0.0
  → Updated angles: X=-0.6 Y=-56.7
MOUSE: x=312 y=373 | dx=-1 dy=0 | yawDelta=-0.3 pitchDelta=0.0
  → Updated angles: X=-0.6 Y=-57.0
MOUSE: x=312 y=372 | dx=0 dy=-1 | yawDelta=0.0 pitchDelta=-0.3
  → Updated angles: X=-0.9 Y=-57.0
MOUSE: x=311 y=372 | dx=-1 dy=0 | yawDelta=-0.3 pitchDelta=0.0
  → Updated angles: X=-0.9 Y=-57.3
MOUSE: x=311 y=371 | dx=0 dy=-1 | yawDelta=0.0 pitchDelta=-0.3
  → Updated angles: X=-1.2 Y=-57.3
MOUSE: x=310 y=371 | dx=-1 dy=0 | yawDelta=-0.3 pitchDelta=0.0
  → Updated angles: X=-1.2 Y=-57.6
MOUSE: x=310 y=370 | dx=0 dy=-1 | yawDelta=0.0 pitchDelta=-0.3
  → Updated angles: X=-1.5 Y=-57.6
MOUSE: x=309 y=370 | dx=-1 dy=0 | yawDelta=-0.3 pitchDelta=0.0
  → Updated angles: X=-1.5 Y=-57.9
MOUSE: x=309 y=369 | dx=0 dy=-1 | yawDelta=0.0 pitchDelta=-0.3
  → Updated angles: X=-1.8 Y=-57.9
MOUSE: x=308 y=369 | dx=-1 dy=0 | yawDelta=-0.3 pitchDelta=0.0
  → Updated angles: X=-1.8 Y=-58.2
MOUSE: x=308 y=368 | dx=0 dy=-1 | yawDelta=0.0 pitchDelta=-0.3
  → Updated angles: X=-2.1 Y=-58.2
MOUSE: x=307 y=368 | dx=-1 dy=0 | yawDelta=-0.3 pitchDelta=0.0
  → Updated angles: X=-2.1 Y=-58.5
MOUSE: x=307 y=367 | dx=0 dy=-1 | yawDelta=0.0 pitchDelta=-0.3
  → Updated angles: X=-2.4 Y=-58.5
MOUSE: x=306 y=367 | dx=-1 dy=0 | yawDelta=-0.3 pitchDelta=0.0
  → Updated angles: X=-2.4 Y=-58.8
MOUSE: x=306 y=366 | dx=0 dy=-1 | yawDelta=0.0 pitchDelta=-0.3
  → Updated angles: X=-2.7 Y=-58.8
MOUSE: x=305 y=366 | dx=-1 dy=0 | yawDelta=-0.3 pitchDelta=0.0
  → Updated angles: X=-2.7 Y=-59.1
MOUSE: x=305 y=365 | dx=0 dy=-1 | yawDelta=0.0 pitchDelta=-0.3
  → Updated angles: X=-3.0 Y=-59.1
MOUSE: x=304 y=365 | dx=-1 dy=0 | yawDelta=-0.3 pitchDelta=0.0
  → Updated angles: X=-3.0 Y=-59.4
MOUSE: x=303 y=364 | dx=-1 dy=-1 | yawDelta=-0.3 pitchDelta=-0.3
  → Updated angles: X=-3.3 Y=-59.7
MOUSE: x=303 y=363 | dx=0 dy=-1 | yawDelta=0.0 pitchDelta=-0.3
  → Updated angles: X=-3.6 Y=-59.7
MOUSE: x=302 y=363 | dx=-1 dy=0 | yawDelta=-0.3 pitchDelta=0.0
  → Updated angles: X=-3.6 Y=-60.0
MOUSE: x=301 y=363 | dx=-1 dy=0 | yawDelta=-0.3 pitchDelta=0.0
  → Updated angles: X=-3.6 Y=-60.3
MOUSE: x=300 y=362 | dx=-1 dy=-1 | yawDelta=-0.3 pitchDelta=-0.3
  → Updated angles: X=-3.9 Y=-60.6
MOUSE: x=299 y=362 | dx=-1 dy=0 | yawDelta=-0.3 pitchDelta=0.0
  → Updated angles: X=-3.9 Y=-60.9
MOUSE: x=299 y=361 | dx=0 dy=-1 | yawDelta=0.0 pitchDelta=-0.3
  → Updated angles: X=-4.2 Y=-60.9
DISPLAY: frame=151
MOUSE: x=298 y=361 | dx=-1 dy=0 | yawDelta=-0.3 pitchDelta=0.0
  → Updated angles: X=-4.2 Y=-61.2
MOUSE: x=297 y=361 | dx=-1 dy=0 | yawDelta=-0.3 pitchDelta=0.0
  → Updated angles: X=-4.2 Y=-61.5
MOUSE: x=297 y=360 | dx=0 dy=-1 | yawDelta=0.0 pitchDelta=-0.3
  → Updated angles: X=-4.5 Y=-61.5
MOUSE: x=297 y=359 | dx=0 dy=-1 | yawDelta=0.0 pitchDelta=-0.3
  → Updated angles: X=-4.8 Y=-61.5
MOUSE: x=296 y=359 | dx=-1 dy=0 | yawDelta=-0.3 pitchDelta=0.0
  → Updated angles: X=-4.8 Y=-61.8
MOUSE: x=295 y=359 | dx=-1 dy=0 | yawDelta=-0.3 pitchDelta=0.0
  → Updated angles: X=-4.8 Y=-62.1
MOUSE: x=295 y=358 | dx=0 dy=-1 | yawDelta=0.0 pitchDelta=-0.3
  → Updated angles: X=-5.1 Y=-62.1
MOUSE: x=294 y=358 | dx=-1 dy=0 | yawDelta=-0.3 pitchDelta=0.0
  → Updated angles: X=-5.1 Y=-62.4
MOUSE: x=293 y=358 | dx=-1 dy=0 | yawDelta=-0.3 pitchDelta=0.0
  → Updated angles: X=-5.1 Y=-62.7
MOUSE: x=293 y=357 | dx=0 dy=-1 | yawDelta=0.0 pitchDelta=-0.3
  → Updated angles: X=-5.4 Y=-62.7
MOUSE: x=292 y=357 | dx=-1 dy=0 | yawDelta=-0.3 pitchDelta=0.0
  → Updated angles: X=-5.4 Y=-63.0
MOUSE: x=291 y=357 | dx=-1 dy=0 | yawDelta=-0.3 pitchDelta=0.0
  → Updated angles: X=-5.4 Y=-63.3
MOUSE: x=291 y=356 | dx=0 dy=-1 | yawDelta=0.0 pitchDelta=-0.3
  → Updated angles: X=-5.7 Y=-63.3
MOUSE: x=291 y=355 | dx=0 dy=-1 | yawDelta=0.0 pitchDelta=-0.3
  → Updated angles: X=-6.0 Y=-63.3
MOUSE: x=290 y=355 | dx=-1 dy=0 | yawDelta=-0.3 pitchDelta=0.0
  → Updated angles: X=-6.0 Y=-63.6
MOUSE: x=289 y=355 | dx=-1 dy=0 | yawDelta=-0.3 pitchDelta=0.0
  → Updated angles: X=-6.0 Y=-63.9
MOUSE: x=289 y=354 | dx=0 dy=-1 | yawDelta=0.0 pitchDelta=-0.3
  → Updated angles: X=-6.3 Y=-63.9
MOUSE: x=288 y=354 | dx=-1 dy=0 | yawDelta=-0.3 pitchDelta=0.0
  → Updated angles: X=-6.3 Y=-64.2
MOUSE: x=288 y=353 | dx=0 dy=-1 | yawDelta=0.0 pitchDelta=-0.3
  → Updated angles: X=-6.6 Y=-64.2
MOUSE: x=287 y=353 | dx=-1 dy=0 | yawDelta=-0.3 pitchDelta=0.0
  → Updated angles: X=-6.6 Y=-64.5
MOUSE: x=287 y=352 | dx=0 dy=-1 | yawDelta=0.0 pitchDelta=-0.3
  → Updated angles: X=-6.9 Y=-64.5
MOUSE: x=286 y=352 | dx=-1 dy=0 | yawDelta=-0.3 pitchDelta=0.0
  → Updated angles: X=-6.9 Y=-64.8
MOUSE: x=285 y=351 | dx=-1 dy=-1 | yawDelta=-0.3 pitchDelta=-0.3
  → Updated angles: X=-7.2 Y=-65.1
MOUSE: x=284 y=351 | dx=-1 dy=0 | yawDelta=-0.3 pitchDelta=0.0
  → Updated angles: X=-7.2 Y=-65.4
MOUSE: x=284 y=350 | dx=0 dy=-1 | yawDelta=0.0 pitchDelta=-0.3
  → Updated angles: X=-7.5 Y=-65.4
MOUSE: x=283 y=350 | dx=-1 dy=0 | yawDelta=-0.3 pitchDelta=0.0
  → Updated angles: X=-7.5 Y=-65.7
MOUSE: x=283 y=349 | dx=0 dy=-1 | yawDelta=0.0 pitchDelta=-0.3
  → Updated angles: X=-7.8 Y=-65.7
MOUSE: x=282 y=349 | dx=-1 dy=0 | yawDelta=-0.3 pitchDelta=0.0
  → Updated angles: X=-7.8 Y=-66.0
MOUSE: x=282 y=348 | dx=0 dy=-1 | yawDelta=0.0 pitchDelta=-0.3
  → Updated angles: X=-8.1 Y=-66.0
MOUSE: x=281 y=348 | dx=-1 dy=0 | yawDelta=-0.3 pitchDelta=0.0
  → Updated angles: X=-8.1 Y=-66.3
DISPLAY: frame=181
MOUSE: x=281 y=347 | dx=0 dy=-1 | yawDelta=0.0 pitchDelta=-0.3
  → Updated angles: X=-8.4 Y=-66.3
MOUSE: x=279 y=347 | dx=-2 dy=0 | yawDelta=-0.6 pitchDelta=0.0
  → Updated angles: X=-8.4 Y=-66.9
MOUSE: x=279 y=346 | dx=0 dy=-1 | yawDelta=0.0 pitchDelta=-0.3
  → Updated angles: X=-8.7 Y=-66.9
MOUSE: x=278 y=346 | dx=-1 dy=0 | yawDelta=-0.3 pitchDelta=0.0
  → Updated angles: X=-8.7 Y=-67.2
MOUSE: x=278 y=345 | dx=0 dy=-1 | yawDelta=0.0 pitchDelta=-0.3
  → Updated angles: X=-9.0 Y=-67.2
MOUSE: x=278 y=344 | dx=0 dy=-1 | yawDelta=0.0 pitchDelta=-0.3
  → Updated angles: X=-9.3 Y=-67.2
MOUSE: x=277 y=344 | dx=-1 dy=0 | yawDelta=-0.3 pitchDelta=0.0
  → Updated angles: X=-9.3 Y=-67.5
MOUSE: x=276 y=344 | dx=-1 dy=0 | yawDelta=-0.3 pitchDelta=0.0
  → Updated angles: X=-9.3 Y=-67.8
MOUSE: x=276 y=343 | dx=0 dy=-1 | yawDelta=0.0 pitchDelta=-0.3
  → Updated angles: X=-9.6 Y=-67.8
MOUSE: x=275 y=342 | dx=-1 dy=-1 | yawDelta=-0.3 pitchDelta=-0.3
  → Updated angles: X=-9.9 Y=-68.1
MOUSE: x=274 y=342 | dx=-1 dy=0 | yawDelta=-0.3 pitchDelta=0.0
  → Updated angles: X=-9.9 Y=-68.4
MOUSE: x=274 y=341 | dx=0 dy=-1 | yawDelta=0.0 pitchDelta=-0.3
  → Updated angles: X=-10.2 Y=-68.4
MOUSE: x=273 y=340 | dx=-1 dy=-1 | yawDelta=-0.3 pitchDelta=-0.3
  → Updated angles: X=-10.5 Y=-68.7
MOUSE: x=272 y=340 | dx=-1 dy=0 | yawDelta=-0.3 pitchDelta=0.0
  → Updated angles: X=-10.5 Y=-69.0
MOUSE: x=271 y=339 | dx=-1 dy=-1 | yawDelta=-0.3 pitchDelta=-0.3
  → Updated angles: X=-10.8 Y=-69.3
MOUSE: x=271 y=338 | dx=0 dy=-1 | yawDelta=0.0 pitchDelta=-0.3
  → Updated angles: X=-11.1 Y=-69.3
MOUSE: x=270 y=338 | dx=-1 dy=0 | yawDelta=-0.3 pitchDelta=0.0
  → Updated angles: X=-11.1 Y=-69.6
MOUSE: x=270 y=337 | dx=0 dy=-1 | yawDelta=0.0 pitchDelta=-0.3
  → Updated angles: X=-11.4 Y=-69.6
MOUSE: x=269 y=336 | dx=-1 dy=-1 | yawDelta=-0.3 pitchDelta=-0.3
  → Updated angles: X=-11.7 Y=-69.9
MOUSE: x=268 y=336 | dx=-1 dy=0 | yawDelta=-0.3 pitchDelta=0.0
  → Updated angles: X=-11.7 Y=-70.2
MOUSE: x=268 y=335 | dx=0 dy=-1 | yawDelta=0.0 pitchDelta=-0.3
  → Updated angles: X=-12.0 Y=-70.2
MOUSE: x=267 y=335 | dx=-1 dy=0 | yawDelta=-0.3 pitchDelta=0.0
  → Updated angles: X=-12.0 Y=-70.5
MOUSE: x=267 y=334 | dx=0 dy=-1 | yawDelta=0.0 pitchDelta=-0.3
  → Updated angles: X=-12.3 Y=-70.5
MOUSE: x=266 y=334 | dx=-1 dy=0 | yawDelta=-0.3 pitchDelta=0.0
  → Updated angles: X=-12.3 Y=-70.8
MOUSE: x=265 y=333 | dx=-1 dy=-1 | yawDelta=-0.3 pitchDelta=-0.3
  → Updated angles: X=-12.6 Y=-71.1
MOUSE: x=264 y=332 | dx=-1 dy=-1 | yawDelta=-0.3 pitchDelta=-0.3
  → Updated angles: X=-12.9 Y=-71.4
MOUSE: x=263 y=332 | dx=-1 dy=0 | yawDelta=-0.3 pitchDelta=0.0
  → Updated angles: X=-12.9 Y=-71.7
MOUSE: x=263 y=331 | dx=0 dy=-1 | yawDelta=0.0 pitchDelta=-0.3
  → Updated angles: X=-13.2 Y=-71.7
MOUSE: x=262 y=331 | dx=-1 dy=0 | yawDelta=-0.3 pitchDelta=0.0
  → Updated angles: X=-13.2 Y=-72.0
MOUSE: x=262 y=330 | dx=0 dy=-1 | yawDelta=0.0 pitchDelta=-0.3
  → Updated angles: X=-13.5 Y=-72.0
DISPLAY: frame=211
MOUSE: x=261 y=330 | dx=-1 dy=0 | yawDelta=-0.3 pitchDelta=0.0
  → Updated angles: X=-13.5 Y=-72.3
MOUSE: x=260 y=329 | dx=-1 dy=-1 | yawDelta=-0.3 pitchDelta=-0.3
  → Updated angles: X=-13.8 Y=-72.6
MOUSE: x=260 y=328 | dx=0 dy=-1 | yawDelta=0.0 pitchDelta=-0.3
  → Updated angles: X=-14.1 Y=-72.6
MOUSE: x=259 y=328 | dx=-1 dy=0 | yawDelta=-0.3 pitchDelta=0.0
  → Updated angles: X=-14.1 Y=-72.9
MOUSE: x=259 y=327 | dx=0 dy=-1 | yawDelta=0.0 pitchDelta=-0.3
  → Updated angles: X=-14.4 Y=-72.9
MOUSE: x=258 y=326 | dx=-1 dy=-1 | yawDelta=-0.3 pitchDelta=-0.3
  → Updated angles: X=-14.7 Y=-73.2
MOUSE: x=257 y=325 | dx=-1 dy=-1 | yawDelta=-0.3 pitchDelta=-0.3
  → Updated angles: X=-15.0 Y=-73.5
MOUSE: x=256 y=325 | dx=-1 dy=0 | yawDelta=-0.3 pitchDelta=0.0
  → Updated angles: X=-15.0 Y=-73.8
MOUSE: x=256 y=324 | dx=0 dy=-1 | yawDelta=0.0 pitchDelta=-0.3
  → Updated angles: X=-15.3 Y=-73.8
MOUSE: x=255 y=323 | dx=-1 dy=-1 | yawDelta=-0.3 pitchDelta=-0.3
  → Updated angles: X=-15.6 Y=-74.1
MOUSE: x=254 y=322 | dx=-1 dy=-1 | yawDelta=-0.3 pitchDelta=-0.3
  → Updated angles: X=-15.9 Y=-74.4
MOUSE: x=253 y=321 | dx=-1 dy=-1 | yawDelta=-0.3 pitchDelta=-0.3
  → Updated angles: X=-16.2 Y=-74.7
MOUSE: x=252 y=321 | dx=-1 dy=0 | yawDelta=-0.3 pitchDelta=0.0
  → Updated angles: X=-16.2 Y=-75.0
MOUSE: x=252 y=320 | dx=0 dy=-1 | yawDelta=0.0 pitchDelta=-0.3
  → Updated angles: X=-16.5 Y=-75.0
MOUSE: x=251 y=320 | dx=-1 dy=0 | yawDelta=-0.3 pitchDelta=0.0
  → Updated angles: X=-16.5 Y=-75.3
MOUSE: x=251 y=319 | dx=0 dy=-1 | yawDelta=0.0 pitchDelta=-0.3
  → Updated angles: X=-16.8 Y=-75.3
MOUSE: x=250 y=319 | dx=-1 dy=0 | yawDelta=-0.3 pitchDelta=0.0
  → Updated angles: X=-16.8 Y=-75.6
MOUSE: x=250 y=318 | dx=0 dy=-1 | yawDelta=0.0 pitchDelta=-0.3
  → Updated angles: X=-17.1 Y=-75.6
MOUSE: x=249 y=318 | dx=-1 dy=0 | yawDelta=-0.3 pitchDelta=0.0
  → Updated angles: X=-17.1 Y=-75.9
MOUSE: x=248 y=318 | dx=-1 dy=0 | yawDelta=-0.3 pitchDelta=0.0
  → Updated angles: X=-17.1 Y=-76.2
MOUSE: x=248 y=317 | dx=0 dy=-1 | yawDelta=0.0 pitchDelta=-0.3
  → Updated angles: X=-17.4 Y=-76.2
MOUSE: x=247 y=317 | dx=-1 dy=0 | yawDelta=-0.3 pitchDelta=0.0
  → Updated angles: X=-17.4 Y=-76.5
MOUSE: x=247 y=316 | dx=0 dy=-1 | yawDelta=0.0 pitchDelta=-0.3
  → Updated angles: X=-17.7 Y=-76.5
MOUSE: x=246 y=316 | dx=-1 dy=0 | yawDelta=-0.3 pitchDelta=0.0
  → Updated angles: X=-17.7 Y=-76.8
MOUSE: x=246 y=315 | dx=0 dy=-1 | yawDelta=0.0 pitchDelta=-0.3
  → Updated angles: X=-18.0 Y=-76.8
MOUSE: x=245 y=314 | dx=-1 dy=-1 | yawDelta=-0.3 pitchDelta=-0.3
  → Updated angles: X=-18.3 Y=-77.1
MOUSE: x=244 y=314 | dx=-1 dy=0 | yawDelta=-0.3 pitchDelta=0.0
  → Updated angles: X=-18.3 Y=-77.4
MOUSE: x=243 y=314 | dx=-1 dy=0 | yawDelta=-0.3 pitchDelta=0.0
  → Updated angles: X=-18.3 Y=-77.7
MOUSE: x=242 y=314 | dx=-1 dy=0 | yawDelta=-0.3 pitchDelta=0.0
  → Updated angles: X=-18.3 Y=-78.0
MOUSE: x=242 y=313 | dx=0 dy=-1 | yawDelta=0.0 pitchDelta=-0.3
  → Updated angles: X=-18.6 Y=-78.0
DISPLAY: frame=241
MOUSE: x=241 y=313 | dx=-1 dy=0 | yawDelta=-0.3 pitchDelta=0.0
  → Updated angles: X=-18.6 Y=-78.3
MOUSE: x=241 y=312 | dx=0 dy=-1 | yawDelta=0.0 pitchDelta=-0.3
  → Updated angles: X=-18.9 Y=-78.3
MOUSE: x=241 y=311 | dx=0 dy=-1 | yawDelta=0.0 pitchDelta=-0.3
  → Updated angles: X=-19.2 Y=-78.3
MOUSE: x=240 y=311 | dx=-1 dy=0 | yawDelta=-0.3 pitchDelta=0.0
  → Updated angles: X=-19.2 Y=-78.6
MOUSE: x=239 y=311 | dx=-1 dy=0 | yawDelta=-0.3 pitchDelta=0.0
  → Updated angles: X=-19.2 Y=-78.9
MOUSE: x=238 y=311 | dx=-1 dy=0 | yawDelta=-0.3 pitchDelta=0.0
  → Updated angles: X=-19.2 Y=-79.2
MOUSE: x=238 y=310 | dx=0 dy=-1 | yawDelta=0.0 pitchDelta=-0.3
  → Updated angles: X=-19.5 Y=-79.2
MOUSE: x=237 y=310 | dx=-1 dy=0 | yawDelta=-0.3 pitchDelta=0.0
  → Updated angles: X=-19.5 Y=-79.5
MOUSE: x=236 y=310 | dx=-1 dy=0 | yawDelta=-0.3 pitchDelta=0.0
  → Updated angles: X=-19.5 Y=-79.8
MOUSE: x=235 y=309 | dx=-1 dy=-1 | yawDelta=-0.3 pitchDelta=-0.3
  → Updated angles: X=-19.8 Y=-80.1
MOUSE: x=234 y=309 | dx=-1 dy=0 | yawDelta=-0.3 pitchDelta=0.0
  → Updated angles: X=-19.8 Y=-80.4
MOUSE: x=234 y=308 | dx=0 dy=-1 | yawDelta=0.0 pitchDelta=-0.3
  → Updated angles: X=-20.1 Y=-80.4
MOUSE: x=233 y=307 | dx=-1 dy=-1 | yawDelta=-0.3 pitchDelta=-0.3
  → Updated angles: X=-20.4 Y=-80.7
MOUSE: x=232 y=307 | dx=-1 dy=0 | yawDelta=-0.3 pitchDelta=0.0
  → Updated angles: X=-20.4 Y=-81.0
MOUSE: x=231 y=306 | dx=-1 dy=-1 | yawDelta=-0.3 pitchDelta=-0.3
  → Updated angles: X=-20.7 Y=-81.3
MOUSE: x=230 y=306 | dx=-1 dy=0 | yawDelta=-0.3 pitchDelta=0.0
  → Updated angles: X=-20.7 Y=-81.6
MOUSE: x=230 y=305 | dx=0 dy=-1 | yawDelta=0.0 pitchDelta=-0.3
  → Updated angles: X=-21.0 Y=-81.6
MOUSE: x=229 y=305 | dx=-1 dy=0 | yawDelta=-0.3 pitchDelta=0.0
  → Updated angles: X=-21.0 Y=-81.9
MOUSE: x=228 y=304 | dx=-1 dy=-1 | yawDelta=-0.3 pitchDelta=-0.3
  → Updated angles: X=-21.3 Y=-82.2
MOUSE: x=227 y=304 | dx=-1 dy=0 | yawDelta=-0.3 pitchDelta=0.0
  → Updated angles: X=-21.3 Y=-82.5
MOUSE: x=227 y=303 | dx=0 dy=-1 | yawDelta=0.0 pitchDelta=-0.3
  → Updated angles: X=-21.6 Y=-82.5
MOUSE: x=226 y=303 | dx=-1 dy=0 | yawDelta=-0.3 pitchDelta=0.0
  → Updated angles: X=-21.6 Y=-82.8
MOUSE: x=225 y=302 | dx=-1 dy=-1 | yawDelta=-0.3 pitchDelta=-0.3
  → Updated angles: X=-21.9 Y=-83.1
MOUSE: x=224 y=301 | dx=-1 dy=-1 | yawDelta=-0.3 pitchDelta=-0.3
  → Updated angles: X=-22.2 Y=-83.4
MOUSE: x=223 y=301 | dx=-1 dy=0 | yawDelta=-0.3 pitchDelta=0.0
  → Updated angles: X=-22.2 Y=-83.7
MOUSE: x=223 y=300 | dx=0 dy=-1 | yawDelta=0.0 pitchDelta=-0.3
  → Updated angles: X=-22.5 Y=-83.7
MOUSE: x=222 y=299 | dx=-1 dy=-1 | yawDelta=-0.3 pitchDelta=-0.3
  → Updated angles: X=-22.8 Y=-84.0
MOUSE: x=221 y=298 | dx=-1 dy=-1 | yawDelta=-0.3 pitchDelta=-0.3
  → Updated angles: X=-23.1 Y=-84.3
MOUSE: x=219 y=298 | dx=-2 dy=0 | yawDelta=-0.6 pitchDelta=0.0
  → Updated angles: X=-23.1 Y=-84.9
MOUSE: x=218 y=297 | dx=-1 dy=-1 | yawDelta=-0.3 pitchDelta=-0.3
  → Updated angles: X=-23.4 Y=-85.2
DISPLAY: frame=271
MOUSE: x=217 y=296 | dx=-1 dy=-1 | yawDelta=-0.3 pitchDelta=-0.3
  → Updated angles: X=-23.7 Y=-85.5
MOUSE: x=217 y=295 | dx=0 dy=-1 | yawDelta=0.0 pitchDelta=-0.3
  → Updated angles: X=-24.0 Y=-85.5
MOUSE: x=216 y=295 | dx=-1 dy=0 | yawDelta=-0.3 pitchDelta=0.0
  → Updated angles: X=-24.0 Y=-85.8
MOUSE: x=214 y=294 | dx=-2 dy=-1 | yawDelta=-0.6 pitchDelta=-0.3
  → Updated angles: X=-24.3 Y=-86.4
MOUSE: x=213 y=293 | dx=-1 dy=-1 | yawDelta=-0.3 pitchDelta=-0.3
  → Updated angles: X=-24.6 Y=-86.7
MOUSE: x=213 y=292 | dx=0 dy=-1 | yawDelta=0.0 pitchDelta=-0.3
  → Updated angles: X=-24.9 Y=-86.7
MOUSE: x=212 y=292 | dx=-1 dy=0 | yawDelta=-0.3 pitchDelta=0.0
  → Updated angles: X=-24.9 Y=-87.0
MOUSE: x=210 y=291 | dx=-2 dy=-1 | yawDelta=-0.6 pitchDelta=-0.3
  → Updated angles: X=-25.2 Y=-87.6
MOUSE: x=210 y=290 | dx=0 dy=-1 | yawDelta=0.0 pitchDelta=-0.3
  → Updated angles: X=-25.5 Y=-87.6
MOUSE: x=209 y=289 | dx=-1 dy=-1 | yawDelta=-0.3 pitchDelta=-0.3
  → Updated angles: X=-25.8 Y=-87.9
MOUSE: x=208 y=288 | dx=-1 dy=-1 | yawDelta=-0.3 pitchDelta=-0.3
  → Updated angles: X=-26.1 Y=-88.2
MOUSE: x=206 y=288 | dx=-2 dy=0 | yawDelta=-0.6 pitchDelta=0.0
  → Updated angles: X=-26.1 Y=-88.8
MOUSE: x=206 y=287 | dx=0 dy=-1 | yawDelta=0.0 pitchDelta=-0.3
  → Updated angles: X=-26.4 Y=-88.8
MOUSE: x=205 y=286 | dx=-1 dy=-1 | yawDelta=-0.3 pitchDelta=-0.3
  → Updated angles: X=-26.7 Y=-89.1
MOUSE: x=204 y=285 | dx=-1 dy=-1 | yawDelta=-0.3 pitchDelta=-0.3
  → Updated angles: X=-27.0 Y=-89.4
MOUSE: x=203 y=285 | dx=-1 dy=0 | yawDelta=-0.3 pitchDelta=0.0
  → Updated angles: X=-27.0 Y=-89.7
MOUSE: x=203 y=284 | dx=0 dy=-1 | yawDelta=0.0 pitchDelta=-0.3
  → Updated angles: X=-27.3 Y=-89.7
MOUSE: x=202 y=283 | dx=-1 dy=-1 | yawDelta=-0.3 pitchDelta=-0.3
  → Updated angles: X=-27.6 Y=-90.0
MOUSE: x=201 y=283 | dx=-1 dy=0 | yawDelta=-0.3 pitchDelta=0.0
  → Updated angles: X=-27.6 Y=-90.3
MOUSE: x=200 y=282 | dx=-1 dy=-1 | yawDelta=-0.3 pitchDelta=-0.3
  → Updated angles: X=-27.9 Y=-90.6
MOUSE: x=199 y=280 | dx=-1 dy=-2 | yawDelta=-0.3 pitchDelta=-0.6
  → Updated angles: X=-28.5 Y=-90.9
MOUSE: x=198 y=279 | dx=-1 dy=-1 | yawDelta=-0.3 pitchDelta=-0.3
  → Updated angles: X=-28.8 Y=-91.2
MOUSE: x=197 y=278 | dx=-1 dy=-1 | yawDelta=-0.3 pitchDelta=-0.3
  → Updated angles: X=-29.1 Y=-91.5
MOUSE: x=196 y=278 | dx=-1 dy=0 | yawDelta=-0.3 pitchDelta=0.0
  → Updated angles: X=-29.1 Y=-91.8
MOUSE: x=195 y=277 | dx=-1 dy=-1 | yawDelta=-0.3 pitchDelta=-0.3
  → Updated angles: X=-29.4 Y=-92.1
MOUSE: x=194 y=276 | dx=-1 dy=-1 | yawDelta=-0.3 pitchDelta=-0.3
  → Updated angles: X=-29.7 Y=-92.4
MOUSE: x=193 y=275 | dx=-1 dy=-1 | yawDelta=-0.3 pitchDelta=-0.3
  → Updated angles: X=-30.0 Y=-92.7
MOUSE: x=192 y=273 | dx=-1 dy=-2 | yawDelta=-0.3 pitchDelta=-0.6
  → Updated angles: X=-30.6 Y=-93.0
MOUSE: x=191 y=273 | dx=-1 dy=0 | yawDelta=-0.3 pitchDelta=0.0
  → Updated angles: X=-30.6 Y=-93.3
MOUSE: x=190 y=272 | dx=-1 dy=-1 | yawDelta=-0.3 pitchDelta=-0.3
  → Updated angles: X=-30.9 Y=-93.6
DISPLAY: frame=301
MOUSE: x=189 y=270 | dx=-1 dy=-2 | yawDelta=-0.3 pitchDelta=-0.6
  → Updated angles: X=-31.5 Y=-93.9
MOUSE: x=188 y=269 | dx=-1 dy=-1 | yawDelta=-0.3 pitchDelta=-0.3
  → Updated angles: X=-31.8 Y=-94.2
MOUSE: x=186 y=268 | dx=-2 dy=-1 | yawDelta=-0.6 pitchDelta=-0.3
  → Updated angles: X=-32.1 Y=-94.8
MOUSE: x=185 y=267 | dx=-1 dy=-1 | yawDelta=-0.3 pitchDelta=-0.3
  → Updated angles: X=-32.4 Y=-95.1
MOUSE: x=185 y=266 | dx=0 dy=-1 | yawDelta=0.0 pitchDelta=-0.3
  → Updated angles: X=-32.7 Y=-95.1
MOUSE: x=183 y=265 | dx=-2 dy=-1 | yawDelta=-0.6 pitchDelta=-0.3
  → Updated angles: X=-33.0 Y=-95.7
MOUSE: x=183 y=264 | dx=0 dy=-1 | yawDelta=0.0 pitchDelta=-0.3
  → Updated angles: X=-33.3 Y=-95.7
MOUSE: x=182 y=264 | dx=-1 dy=0 | yawDelta=-0.3 pitchDelta=0.0
  → Updated angles: X=-33.3 Y=-96.0
MOUSE: x=182 y=263 | dx=0 dy=-1 | yawDelta=0.0 pitchDelta=-0.3
  → Updated angles: X=-33.6 Y=-96.0
MOUSE: x=181 y=262 | dx=-1 dy=-1 | yawDelta=-0.3 pitchDelta=-0.3
  → Updated angles: X=-33.9 Y=-96.3
MOUSE: x=180 y=262 | dx=-1 dy=0 | yawDelta=-0.3 pitchDelta=0.0
  → Updated angles: X=-33.9 Y=-96.6
MOUSE: x=180 y=261 | dx=0 dy=-1 | yawDelta=0.0 pitchDelta=-0.3
  → Updated angles: X=-34.2 Y=-96.6
MOUSE: x=179 y=261 | dx=-1 dy=0 | yawDelta=-0.3 pitchDelta=0.0
  → Updated angles: X=-34.2 Y=-96.9
MOUSE: x=179 y=260 | dx=0 dy=-1 | yawDelta=0.0 pitchDelta=-0.3
  → Updated angles: X=-34.5 Y=-96.9
MOUSE: x=179 y=259 | dx=0 dy=-1 | yawDelta=0.0 pitchDelta=-0.3
  → Updated angles: X=-34.8 Y=-96.9
MOUSE: x=178 y=259 | dx=-1 dy=0 | yawDelta=-0.3 pitchDelta=0.0
  → Updated angles: X=-34.8 Y=-97.2
MOUSE: x=178 y=258 | dx=0 dy=-1 | yawDelta=0.0 pitchDelta=-0.3
  → Updated angles: X=-35.1 Y=-97.2
MOUSE: x=177 y=257 | dx=-1 dy=-1 | yawDelta=-0.3 pitchDelta=-0.3
  → Updated angles: X=-35.4 Y=-97.5
MOUSE: x=176 y=257 | dx=-1 dy=0 | yawDelta=-0.3 pitchDelta=0.0
  → Updated angles: X=-35.4 Y=-97.8
MOUSE: x=176 y=256 | dx=0 dy=-1 | yawDelta=0.0 pitchDelta=-0.3
  → Updated angles: X=-35.7 Y=-97.8
MOUSE: x=175 y=255 | dx=-1 dy=-1 | yawDelta=-0.3 pitchDelta=-0.3
  → Updated angles: X=-36.0 Y=-98.1
MOUSE: x=175 y=254 | dx=0 dy=-1 | yawDelta=0.0 pitchDelta=-0.3
  → Updated angles: X=-36.3 Y=-98.1
MOUSE: x=174 y=254 | dx=-1 dy=0 | yawDelta=-0.3 pitchDelta=0.0
  → Updated angles: X=-36.3 Y=-98.4
MOUSE: x=174 y=253 | dx=0 dy=-1 | yawDelta=0.0 pitchDelta=-0.3
  → Updated angles: X=-36.6 Y=-98.4
MOUSE: x=173 y=253 | dx=-1 dy=0 | yawDelta=-0.3 pitchDelta=0.0
  → Updated angles: X=-36.6 Y=-98.7
MOUSE: x=172 y=252 | dx=-1 dy=-1 | yawDelta=-0.3 pitchDelta=-0.3
  → Updated angles: X=-36.9 Y=-99.0
MOUSE: x=172 y=251 | dx=0 dy=-1 | yawDelta=0.0 pitchDelta=-0.3
  → Updated angles: X=-37.2 Y=-99.0
MOUSE: x=171 y=250 | dx=-1 dy=-1 | yawDelta=-0.3 pitchDelta=-0.3
  → Updated angles: X=-37.5 Y=-99.3
MOUSE: x=170 y=249 | dx=-1 dy=-1 | yawDelta=-0.3 pitchDelta=-0.3
  → Updated angles: X=-37.8 Y=-99.6
MOUSE: x=170 y=248 | dx=0 dy=-1 | yawDelta=0.0 pitchDelta=-0.3
  → Updated angles: X=-38.1 Y=-99.6
DISPLAY: frame=331
MOUSE: x=169 y=248 | dx=-1 dy=0 | yawDelta=-0.3 pitchDelta=0.0
  → Updated angles: X=-38.1 Y=-99.9
MOUSE: x=169 y=247 | dx=0 dy=-1 | yawDelta=0.0 pitchDelta=-0.3
  → Updated angles: X=-38.4 Y=-99.9
MOUSE: x=168 y=247 | dx=-1 dy=0 | yawDelta=-0.3 pitchDelta=0.0
  → Updated angles: X=-38.4 Y=-100.2
MOUSE: x=168 y=246 | dx=0 dy=-1 | yawDelta=0.0 pitchDelta=-0.3
  → Updated angles: X=-38.7 Y=-100.2
MOUSE: x=168 y=245 | dx=0 dy=-1 | yawDelta=0.0 pitchDelta=-0.3
  → Updated angles: X=-39.0 Y=-100.2
MOUSE: x=167 y=245 | dx=-1 dy=0 | yawDelta=-0.3 pitchDelta=0.0
  → Updated angles: X=-39.0 Y=-100.5
MOUSE: x=167 y=244 | dx=0 dy=-1 | yawDelta=0.0 pitchDelta=-0.3
  → Updated angles: X=-39.3 Y=-100.5
MOUSE: x=166 y=243 | dx=-1 dy=-1 | yawDelta=-0.3 pitchDelta=-0.3
  → Updated angles: X=-39.6 Y=-100.8
MOUSE: x=166 y=242 | dx=0 dy=-1 | yawDelta=0.0 pitchDelta=-0.3
  → Updated angles: X=-39.9 Y=-100.8
MOUSE: x=165 y=242 | dx=-1 dy=0 | yawDelta=-0.3 pitchDelta=0.0
  → Updated angles: X=-39.9 Y=-101.1
MOUSE: x=165 y=241 | dx=0 dy=-1 | yawDelta=0.0 pitchDelta=-0.3
  → Updated angles: X=-40.2 Y=-101.1
MOUSE: x=165 y=240 | dx=0 dy=-1 | yawDelta=0.0 pitchDelta=-0.3
  → Updated angles: X=-40.5 Y=-101.1
MOUSE: x=165 y=239 | dx=0 dy=-1 | yawDelta=0.0 pitchDelta=-0.3
  → Updated angles: X=-40.8 Y=-101.1
MOUSE: x=164 y=238 | dx=-1 dy=-1 | yawDelta=-0.3 pitchDelta=-0.3
  → Updated angles: X=-41.1 Y=-101.4
MOUSE: x=164 y=237 | dx=0 dy=-1 | yawDelta=0.0 pitchDelta=-0.3
  → Updated angles: X=-41.4 Y=-101.4
MOUSE: x=163 y=237 | dx=-1 dy=0 | yawDelta=-0.3 pitchDelta=0.0
  → Updated angles: X=-41.4 Y=-101.7
MOUSE: x=163 y=236 | dx=0 dy=-1 | yawDelta=0.0 pitchDelta=-0.3
  → Updated angles: X=-41.7 Y=-101.7
MOUSE: x=163 y=235 | dx=0 dy=-1 | yawDelta=0.0 pitchDelta=-0.3
  → Updated angles: X=-42.0 Y=-101.7
MOUSE: x=163 y=234 | dx=0 dy=-1 | yawDelta=0.0 pitchDelta=-0.3
  → Updated angles: X=-42.3 Y=-101.7
MOUSE: x=163 y=233 | dx=0 dy=-1 | yawDelta=0.0 pitchDelta=-0.3
  → Updated angles: X=-42.6 Y=-101.7
MOUSE: x=163 y=232 | dx=0 dy=-1 | yawDelta=0.0 pitchDelta=-0.3
  → Updated angles: X=-42.9 Y=-101.7
MOUSE: x=163 y=231 | dx=0 dy=-1 | yawDelta=0.0 pitchDelta=-0.3
  → Updated angles: X=-43.2 Y=-101.7
MOUSE: x=163 y=230 | dx=0 dy=-1 | yawDelta=0.0 pitchDelta=-0.3
  → Updated angles: X=-43.5 Y=-101.7
MOUSE: x=163 y=229 | dx=0 dy=-1 | yawDelta=0.0 pitchDelta=-0.3
  → Updated angles: X=-43.8 Y=-101.7
MOUSE: x=164 y=229 | dx=1 dy=0 | yawDelta=0.3 pitchDelta=0.0
  → Updated angles: X=-43.8 Y=-101.4
MOUSE: x=165 y=229 | dx=1 dy=0 | yawDelta=0.3 pitchDelta=0.0
  → Updated angles: X=-43.8 Y=-101.1
MOUSE: x=166 y=229 | dx=1 dy=0 | yawDelta=0.3 pitchDelta=0.0
  → Updated angles: X=-43.8 Y=-100.8
MOUSE: x=167 y=229 | dx=1 dy=0 | yawDelta=0.3 pitchDelta=0.0
  → Updated angles: X=-43.8 Y=-100.5
MOUSE: x=168 y=229 | dx=1 dy=0 | yawDelta=0.3 pitchDelta=0.0
  → Updated angles: X=-43.8 Y=-100.2
MOUSE: x=169 y=229 | dx=1 dy=0 | yawDelta=0.3 pitchDelta=0.0
  → Updated angles: X=-43.8 Y=-99.9
DISPLAY: frame=361
MOUSE: x=170 y=229 | dx=1 dy=0 | yawDelta=0.3 pitchDelta=0.0
  → Updated angles: X=-43.8 Y=-99.6
MOUSE: x=171 y=229 | dx=1 dy=0 | yawDelta=0.3 pitchDelta=0.0
  → Updated angles: X=-43.8 Y=-99.3
MOUSE: x=172 y=229 | dx=1 dy=0 | yawDelta=0.3 pitchDelta=0.0
  → Updated angles: X=-43.8 Y=-99.0
MOUSE: x=173 y=229 | dx=1 dy=0 | yawDelta=0.3 pitchDelta=0.0
  → Updated angles: X=-43.8 Y=-98.7
MOUSE: x=173 y=230 | dx=0 dy=1 | yawDelta=0.0 pitchDelta=0.3
  → Updated angles: X=-43.5 Y=-98.7
MOUSE: x=174 y=230 | dx=1 dy=0 | yawDelta=0.3 pitchDelta=0.0
  → Updated angles: X=-43.5 Y=-98.4
MOUSE: x=175 y=230 | dx=1 dy=0 | yawDelta=0.3 pitchDelta=0.0
  → Updated angles: X=-43.5 Y=-98.1
MOUSE: x=176 y=230 | dx=1 dy=0 | yawDelta=0.3 pitchDelta=0.0
  → Updated angles: X=-43.5 Y=-97.8
MOUSE: x=176 y=231 | dx=0 dy=1 | yawDelta=0.0 pitchDelta=0.3
  → Updated angles: X=-43.2 Y=-97.8
MOUSE: x=177 y=231 | dx=1 dy=0 | yawDelta=0.3 pitchDelta=0.0
  → Updated angles: X=-43.2 Y=-97.5
MOUSE: x=178 y=231 | dx=1 dy=0 | yawDelta=0.3 pitchDelta=0.0
  → Updated angles: X=-43.2 Y=-97.2
MOUSE: x=179 y=231 | dx=1 dy=0 | yawDelta=0.3 pitchDelta=0.0
  → Updated angles: X=-43.2 Y=-96.9
MOUSE: x=180 y=231 | dx=1 dy=0 | yawDelta=0.3 pitchDelta=0.0
  → Updated angles: X=-43.2 Y=-96.6
MOUSE: x=181 y=231 | dx=1 dy=0 | yawDelta=0.3 pitchDelta=0.0
  → Updated angles: X=-43.2 Y=-96.3
MOUSE: x=181 y=232 | dx=0 dy=1 | yawDelta=0.0 pitchDelta=0.3
  → Updated angles: X=-42.9 Y=-96.3
MOUSE: x=182 y=232 | dx=1 dy=0 | yawDelta=0.3 pitchDelta=0.0
  → Updated angles: X=-42.9 Y=-96.0
MOUSE: x=182 y=233 | dx=0 dy=1 | yawDelta=0.0 pitchDelta=0.3
  → Updated angles: X=-42.6 Y=-96.0
MOUSE: x=183 y=233 | dx=1 dy=0 | yawDelta=0.3 pitchDelta=0.0
  → Updated angles: X=-42.6 Y=-95.7
MOUSE: x=184 y=233 | dx=1 dy=0 | yawDelta=0.3 pitchDelta=0.0
  → Updated angles: X=-42.6 Y=-95.4
MOUSE: x=185 y=233 | dx=1 dy=0 | yawDelta=0.3 pitchDelta=0.0
  → Updated angles: X=-42.6 Y=-95.1
MOUSE: x=185 y=234 | dx=0 dy=1 | yawDelta=0.0 pitchDelta=0.3
  → Updated angles: X=-42.3 Y=-95.1
MOUSE: x=186 y=234 | dx=1 dy=0 | yawDelta=0.3 pitchDelta=0.0
  → Updated angles: X=-42.3 Y=-94.8
MOUSE: x=187 y=235 | dx=1 dy=1 | yawDelta=0.3 pitchDelta=0.3
  → Updated angles: X=-42.0 Y=-94.5
MOUSE: x=188 y=235 | dx=1 dy=0 | yawDelta=0.3 pitchDelta=0.0
  → Updated angles: X=-42.0 Y=-94.2
MOUSE: x=189 y=236 | dx=1 dy=1 | yawDelta=0.3 pitchDelta=0.3
  → Updated angles: X=-41.7 Y=-93.9
MOUSE: x=190 y=236 | dx=1 dy=0 | yawDelta=0.3 pitchDelta=0.0
  → Updated angles: X=-41.7 Y=-93.6
MOUSE: x=191 y=236 | dx=1 dy=0 | yawDelta=0.3 pitchDelta=0.0
  → Updated angles: X=-41.7 Y=-93.3
MOUSE: x=191 y=237 | dx=0 dy=1 | yawDelta=0.0 pitchDelta=0.3
  → Updated angles: X=-41.4 Y=-93.3
MOUSE: x=192 y=237 | dx=1 dy=0 | yawDelta=0.3 pitchDelta=0.0
  → Updated angles: X=-41.4 Y=-93.0
MOUSE: x=193 y=238 | dx=1 dy=1 | yawDelta=0.3 pitchDelta=0.3
  → Updated angles: X=-41.1 Y=-92.7
DISPLAY: frame=391
MOUSE: x=194 y=238 | dx=1 dy=0 | yawDelta=0.3 pitchDelta=0.0
  → Updated angles: X=-41.1 Y=-92.4
MOUSE: x=195 y=239 | dx=1 dy=1 | yawDelta=0.3 pitchDelta=0.3
  → Updated angles: X=-40.8 Y=-92.1
MOUSE: x=196 y=239 | dx=1 dy=0 | yawDelta=0.3 pitchDelta=0.0
  → Updated angles: X=-40.8 Y=-91.8
MOUSE: x=197 y=240 | dx=1 dy=1 | yawDelta=0.3 pitchDelta=0.3
  → Updated angles: X=-40.5 Y=-91.5
MOUSE: x=198 y=240 | dx=1 dy=0 | yawDelta=0.3 pitchDelta=0.0
  → Updated angles: X=-40.5 Y=-91.2
MOUSE: x=199 y=241 | dx=1 dy=1 | yawDelta=0.3 pitchDelta=0.3
  → Updated angles: X=-40.2 Y=-90.9
MOUSE: x=200 y=241 | dx=1 dy=0 | yawDelta=0.3 pitchDelta=0.0
  → Updated angles: X=-40.2 Y=-90.6
MOUSE: x=201 y=242 | dx=1 dy=1 | yawDelta=0.3 pitchDelta=0.3
  → Updated angles: X=-39.9 Y=-90.3
MOUSE: x=203 y=242 | dx=2 dy=0 | yawDelta=0.6 pitchDelta=0.0
  → Updated angles: X=-39.9 Y=-89.7
MOUSE: x=204 y=243 | dx=1 dy=1 | yawDelta=0.3 pitchDelta=0.3
  → Updated angles: X=-39.6 Y=-89.4
MOUSE: x=205 y=243 | dx=1 dy=0 | yawDelta=0.3 pitchDelta=0.0
  → Updated angles: X=-39.6 Y=-89.1
MOUSE: x=206 y=244 | dx=1 dy=1 | yawDelta=0.3 pitchDelta=0.3
  → Updated angles: X=-39.3 Y=-88.8
MOUSE: x=208 y=245 | dx=2 dy=1 | yawDelta=0.6 pitchDelta=0.3
  → Updated angles: X=-39.0 Y=-88.2
MOUSE: x=209 y=245 | dx=1 dy=0 | yawDelta=0.3 pitchDelta=0.0
  → Updated angles: X=-39.0 Y=-87.9
MOUSE: x=210 y=246 | dx=1 dy=1 | yawDelta=0.3 pitchDelta=0.3
  → Updated angles: X=-38.7 Y=-87.6
MOUSE: x=211 y=247 | dx=1 dy=1 | yawDelta=0.3 pitchDelta=0.3
  → Updated angles: X=-38.4 Y=-87.3
MOUSE: x=212 y=247 | dx=1 dy=0 | yawDelta=0.3 pitchDelta=0.0
  → Updated angles: X=-38.4 Y=-87.0
MOUSE: x=214 y=248 | dx=2 dy=1 | yawDelta=0.6 pitchDelta=0.3
  → Updated angles: X=-38.1 Y=-86.4
MOUSE: x=215 y=249 | dx=1 dy=1 | yawDelta=0.3 pitchDelta=0.3
  → Updated angles: X=-37.8 Y=-86.1
MOUSE: x=216 y=249 | dx=1 dy=0 | yawDelta=0.3 pitchDelta=0.0
  → Updated angles: X=-37.8 Y=-85.8
MOUSE: x=218 y=251 | dx=2 dy=2 | yawDelta=0.6 pitchDelta=0.6
  → Updated angles: X=-37.2 Y=-85.2
MOUSE: x=220 y=251 | dx=2 dy=0 | yawDelta=0.6 pitchDelta=0.0
  → Updated angles: X=-37.2 Y=-84.6
MOUSE: x=221 y=251 | dx=1 dy=0 | yawDelta=0.3 pitchDelta=0.0
  → Updated angles: X=-37.2 Y=-84.3
MOUSE: x=223 y=252 | dx=2 dy=1 | yawDelta=0.6 pitchDelta=0.3
  → Updated angles: X=-36.9 Y=-83.7
MOUSE: x=223 y=253 | dx=0 dy=1 | yawDelta=0.0 pitchDelta=0.3
  → Updated angles: X=-36.6 Y=-83.7
MOUSE: x=224 y=254 | dx=1 dy=1 | yawDelta=0.3 pitchDelta=0.3
  → Updated angles: X=-36.3 Y=-83.4
MOUSE: x=227 y=254 | dx=3 dy=0 | yawDelta=0.9 pitchDelta=0.0
  → Updated angles: X=-36.3 Y=-82.5
MOUSE: x=228 y=255 | dx=1 dy=1 | yawDelta=0.3 pitchDelta=0.3
  → Updated angles: X=-36.0 Y=-82.2
MOUSE: x=229 y=256 | dx=1 dy=1 | yawDelta=0.3 pitchDelta=0.3
  → Updated angles: X=-35.7 Y=-81.9
MOUSE: x=231 y=257 | dx=2 dy=1 | yawDelta=0.6 pitchDelta=0.3
  → Updated angles: X=-35.4 Y=-81.3
DISPLAY: frame=421
MOUSE: x=233 y=258 | dx=2 dy=1 | yawDelta=0.6 pitchDelta=0.3
  → Updated angles: X=-35.1 Y=-80.7
MOUSE: x=234 y=258 | dx=1 dy=0 | yawDelta=0.3 pitchDelta=0.0
  → Updated angles: X=-35.1 Y=-80.4
MOUSE: x=235 y=259 | dx=1 dy=1 | yawDelta=0.3 pitchDelta=0.3
  → Updated angles: X=-34.8 Y=-80.1
MOUSE: x=236 y=260 | dx=1 dy=1 | yawDelta=0.3 pitchDelta=0.3
  → Updated angles: X=-34.5 Y=-79.8
MOUSE: x=238 y=261 | dx=2 dy=1 | yawDelta=0.6 pitchDelta=0.3
  → Updated angles: X=-34.2 Y=-79.2
MOUSE: x=240 y=261 | dx=2 dy=0 | yawDelta=0.6 pitchDelta=0.0
  → Updated angles: X=-34.2 Y=-78.6
MOUSE: x=241 y=262 | dx=1 dy=1 | yawDelta=0.3 pitchDelta=0.3
  → Updated angles: X=-33.9 Y=-78.3
MOUSE: x=243 y=264 | dx=2 dy=2 | yawDelta=0.6 pitchDelta=0.6
  → Updated angles: X=-33.3 Y=-77.7
MOUSE: x=245 y=264 | dx=2 dy=0 | yawDelta=0.6 pitchDelta=0.0
  → Updated angles: X=-33.3 Y=-77.1
MOUSE: x=247 y=265 | dx=2 dy=1 | yawDelta=0.6 pitchDelta=0.3
  → Updated angles: X=-33.0 Y=-76.5
MOUSE: x=248 y=267 | dx=1 dy=2 | yawDelta=0.3 pitchDelta=0.6
  → Updated angles: X=-32.4 Y=-76.2
MOUSE: x=250 y=267 | dx=2 dy=0 | yawDelta=0.6 pitchDelta=0.0
  → Updated angles: X=-32.4 Y=-75.6
MOUSE: x=251 y=268 | dx=1 dy=1 | yawDelta=0.3 pitchDelta=0.3
  → Updated angles: X=-32.1 Y=-75.3
MOUSE: x=252 y=269 | dx=1 dy=1 | yawDelta=0.3 pitchDelta=0.3
  → Updated angles: X=-31.8 Y=-75.0
MOUSE: x=254 y=269 | dx=2 dy=0 | yawDelta=0.6 pitchDelta=0.0
  → Updated angles: X=-31.8 Y=-74.4
MOUSE: x=255 y=270 | dx=1 dy=1 | yawDelta=0.3 pitchDelta=0.3
  → Updated angles: X=-31.5 Y=-74.1
MOUSE: x=257 y=271 | dx=2 dy=1 | yawDelta=0.6 pitchDelta=0.3
  → Updated angles: X=-31.2 Y=-73.5
MOUSE: x=258 y=272 | dx=1 dy=1 | yawDelta=0.3 pitchDelta=0.3
  → Updated angles: X=-30.9 Y=-73.2
MOUSE: x=259 y=273 | dx=1 dy=1 | yawDelta=0.3 pitchDelta=0.3
  → Updated angles: X=-30.6 Y=-72.9
MOUSE: x=261 y=274 | dx=2 dy=1 | yawDelta=0.6 pitchDelta=0.3
  → Updated angles: X=-30.3 Y=-72.3
MOUSE: x=262 y=274 | dx=1 dy=0 | yawDelta=0.3 pitchDelta=0.0
  → Updated angles: X=-30.3 Y=-72.0
MOUSE: x=263 y=275 | dx=1 dy=1 | yawDelta=0.3 pitchDelta=0.3
  → Updated angles: X=-30.0 Y=-71.7
MOUSE: x=265 y=275 | dx=2 dy=0 | yawDelta=0.6 pitchDelta=0.0
  → Updated angles: X=-30.0 Y=-71.1
MOUSE: x=266 y=276 | dx=1 dy=1 | yawDelta=0.3 pitchDelta=0.3
  → Updated angles: X=-29.7 Y=-70.8
MOUSE: x=267 y=277 | dx=1 dy=1 | yawDelta=0.3 pitchDelta=0.3
  → Updated angles: X=-29.4 Y=-70.5
MOUSE: x=268 y=277 | dx=1 dy=0 | yawDelta=0.3 pitchDelta=0.0
  → Updated angles: X=-29.4 Y=-70.2
MOUSE: x=269 y=279 | dx=1 dy=2 | yawDelta=0.3 pitchDelta=0.6
  → Updated angles: X=-28.8 Y=-69.9
MOUSE: x=271 y=279 | dx=2 dy=0 | yawDelta=0.6 pitchDelta=0.0
  → Updated angles: X=-28.8 Y=-69.3
MOUSE: x=273 y=280 | dx=2 dy=1 | yawDelta=0.6 pitchDelta=0.3
  → Updated angles: X=-28.5 Y=-68.7
MOUSE: x=273 y=281 | dx=0 dy=1 | yawDelta=0.0 pitchDelta=0.3
  → Updated angles: X=-28.2 Y=-68.7
DISPLAY: frame=451
MOUSE: x=274 y=281 | dx=1 dy=0 | yawDelta=0.3 pitchDelta=0.0
  → Updated angles: X=-28.2 Y=-68.4
MOUSE: x=275 y=282 | dx=1 dy=1 | yawDelta=0.3 pitchDelta=0.3
  → Updated angles: X=-27.9 Y=-68.1
MOUSE: x=276 y=282 | dx=1 dy=0 | yawDelta=0.3 pitchDelta=0.0
  → Updated angles: X=-27.9 Y=-67.8
MOUSE: x=277 y=282 | dx=1 dy=0 | yawDelta=0.3 pitchDelta=0.0
  → Updated angles: X=-27.9 Y=-67.5
MOUSE: x=278 y=284 | dx=1 dy=2 | yawDelta=0.3 pitchDelta=0.6
  → Updated angles: X=-27.3 Y=-67.2
MOUSE: x=279 y=284 | dx=1 dy=0 | yawDelta=0.3 pitchDelta=0.0
  → Updated angles: X=-27.3 Y=-66.9
MOUSE: x=280 y=284 | dx=1 dy=0 | yawDelta=0.3 pitchDelta=0.0
  → Updated angles: X=-27.3 Y=-66.6
MOUSE: x=280 y=285 | dx=0 dy=1 | yawDelta=0.0 pitchDelta=0.3
  → Updated angles: X=-27.0 Y=-66.6
MOUSE: x=281 y=285 | dx=1 dy=0 | yawDelta=0.3 pitchDelta=0.0
  → Updated angles: X=-27.0 Y=-66.3
MOUSE: x=282 y=286 | dx=1 dy=1 | yawDelta=0.3 pitchDelta=0.3
  → Updated angles: X=-26.7 Y=-66.0
MOUSE: x=283 y=287 | dx=1 dy=1 | yawDelta=0.3 pitchDelta=0.3
  → Updated angles: X=-26.4 Y=-65.7
MOUSE: x=284 y=287 | dx=1 dy=0 | yawDelta=0.3 pitchDelta=0.0
  → Updated angles: X=-26.4 Y=-65.4
MOUSE: x=285 y=288 | dx=1 dy=1 | yawDelta=0.3 pitchDelta=0.3
  → Updated angles: X=-26.1 Y=-65.1
MOUSE: x=286 y=288 | dx=1 dy=0 | yawDelta=0.3 pitchDelta=0.0
  → Updated angles: X=-26.1 Y=-64.8
MOUSE: x=287 y=289 | dx=1 dy=1 | yawDelta=0.3 pitchDelta=0.3
  → Updated angles: X=-25.8 Y=-64.5
MOUSE: x=288 y=289 | dx=1 dy=0 | yawDelta=0.3 pitchDelta=0.0
  → Updated angles: X=-25.8 Y=-64.2
MOUSE: x=288 y=290 | dx=0 dy=1 | yawDelta=0.0 pitchDelta=0.3
  → Updated angles: X=-25.5 Y=-64.2
MOUSE: x=289 y=290 | dx=1 dy=0 | yawDelta=0.3 pitchDelta=0.0
  → Updated angles: X=-25.5 Y=-63.9
MOUSE: x=289 y=291 | dx=0 dy=1 | yawDelta=0.0 pitchDelta=0.3
  → Updated angles: X=-25.2 Y=-63.9
MOUSE: x=290 y=291 | dx=1 dy=0 | yawDelta=0.3 pitchDelta=0.0
  → Updated angles: X=-25.2 Y=-63.6
MOUSE: x=291 y=292 | dx=1 dy=1 | yawDelta=0.3 pitchDelta=0.3
  → Updated angles: X=-24.9 Y=-63.3
MOUSE: x=292 y=292 | dx=1 dy=0 | yawDelta=0.3 pitchDelta=0.0
  → Updated angles: X=-24.9 Y=-63.0
MOUSE: x=293 y=292 | dx=1 dy=0 | yawDelta=0.3 pitchDelta=0.0
  → Updated angles: X=-24.9 Y=-62.7
MOUSE: x=293 y=293 | dx=0 dy=1 | yawDelta=0.0 pitchDelta=0.3
  → Updated angles: X=-24.6 Y=-62.7
MOUSE: x=294 y=293 | dx=1 dy=0 | yawDelta=0.3 pitchDelta=0.0
  → Updated angles: X=-24.6 Y=-62.4
MOUSE: x=295 y=294 | dx=1 dy=1 | yawDelta=0.3 pitchDelta=0.3
  → Updated angles: X=-24.3 Y=-62.1
MOUSE: x=295 y=295 | dx=0 dy=1 | yawDelta=0.0 pitchDelta=0.3
  → Updated angles: X=-24.0 Y=-62.1
MOUSE: x=296 y=295 | dx=1 dy=0 | yawDelta=0.3 pitchDelta=0.0
  → Updated angles: X=-24.0 Y=-61.8
MOUSE: x=297 y=296 | dx=1 dy=1 | yawDelta=0.3 pitchDelta=0.3
  → Updated angles: X=-23.7 Y=-61.5
MOUSE: x=298 y=296 | dx=1 dy=0 | yawDelta=0.3 pitchDelta=0.0
  → Updated angles: X=-23.7 Y=-61.2
DISPLAY: frame=481
MOUSE: x=298 y=297 | dx=0 dy=1 | yawDelta=0.0 pitchDelta=0.3
  → Updated angles: X=-23.4 Y=-61.2
MOUSE: x=299 y=297 | dx=1 dy=0 | yawDelta=0.3 pitchDelta=0.0
  → Updated angles: X=-23.4 Y=-60.9
MOUSE: x=300 y=297 | dx=1 dy=0 | yawDelta=0.3 pitchDelta=0.0
  → Updated angles: X=-23.4 Y=-60.6
MOUSE: x=300 y=298 | dx=0 dy=1 | yawDelta=0.0 pitchDelta=0.3
  → Updated angles: X=-23.1 Y=-60.6
MOUSE: x=301 y=299 | dx=1 dy=1 | yawDelta=0.3 pitchDelta=0.3
  → Updated angles: X=-22.8 Y=-60.3
MOUSE: x=302 y=300 | dx=1 dy=1 | yawDelta=0.3 pitchDelta=0.3
  → Updated angles: X=-22.5 Y=-60.0
MOUSE: x=303 y=300 | dx=1 dy=0 | yawDelta=0.3 pitchDelta=0.0
  → Updated angles: X=-22.5 Y=-59.7
MOUSE: x=303 y=301 | dx=0 dy=1 | yawDelta=0.0 pitchDelta=0.3
  → Updated angles: X=-22.2 Y=-59.7
MOUSE: x=304 y=301 | dx=1 dy=0 | yawDelta=0.3 pitchDelta=0.0
  → Updated angles: X=-22.2 Y=-59.4
MOUSE: x=305 y=301 | dx=1 dy=0 | yawDelta=0.3 pitchDelta=0.0
  → Updated angles: X=-22.2 Y=-59.1
MOUSE: x=305 y=302 | dx=0 dy=1 | yawDelta=0.0 pitchDelta=0.3
  → Updated angles: X=-21.9 Y=-59.1
MOUSE: x=306 y=303 | dx=1 dy=1 | yawDelta=0.3 pitchDelta=0.3
  → Updated angles: X=-21.6 Y=-58.8
MOUSE: x=307 y=304 | dx=1 dy=1 | yawDelta=0.3 pitchDelta=0.3
  → Updated angles: X=-21.3 Y=-58.5
MOUSE: x=308 y=304 | dx=1 dy=0 | yawDelta=0.3 pitchDelta=0.0
  → Updated angles: X=-21.3 Y=-58.2
MOUSE: x=309 y=305 | dx=1 dy=1 | yawDelta=0.3 pitchDelta=0.3
  → Updated angles: X=-21.0 Y=-57.9
MOUSE: x=309 y=306 | dx=0 dy=1 | yawDelta=0.0 pitchDelta=0.3
  → Updated angles: X=-20.7 Y=-57.9
MOUSE: x=310 y=306 | dx=1 dy=0 | yawDelta=0.3 pitchDelta=0.0
  → Updated angles: X=-20.7 Y=-57.6
MOUSE: x=310 y=307 | dx=0 dy=1 | yawDelta=0.0 pitchDelta=0.3
  → Updated angles: X=-20.4 Y=-57.6
MOUSE: x=311 y=307 | dx=1 dy=0 | yawDelta=0.3 pitchDelta=0.0
  → Updated angles: X=-20.4 Y=-57.3
MOUSE: x=311 y=308 | dx=0 dy=1 | yawDelta=0.0 pitchDelta=0.3
  → Updated angles: X=-20.1 Y=-57.3
MOUSE: x=312 y=308 | dx=1 dy=0 | yawDelta=0.3 pitchDelta=0.0
  → Updated angles: X=-20.1 Y=-57.0
MOUSE: x=313 y=309 | dx=1 dy=1 | yawDelta=0.3 pitchDelta=0.3
  → Updated angles: X=-19.8 Y=-56.7
MOUSE: x=314 y=309 | dx=1 dy=0 | yawDelta=0.3 pitchDelta=0.0
  → Updated angles: X=-19.8 Y=-56.4
MOUSE: x=314 y=310 | dx=0 dy=1 | yawDelta=0.0 pitchDelta=0.3
  → Updated angles: X=-19.5 Y=-56.4
MOUSE: x=315 y=311 | dx=1 dy=1 | yawDelta=0.3 pitchDelta=0.3
  → Updated angles: X=-19.2 Y=-56.1
MOUSE: x=316 y=311 | dx=1 dy=0 | yawDelta=0.3 pitchDelta=0.0
  → Updated angles: X=-19.2 Y=-55.8
MOUSE: x=317 y=312 | dx=1 dy=1 | yawDelta=0.3 pitchDelta=0.3
  → Updated angles: X=-18.9 Y=-55.5
MOUSE: x=318 y=313 | dx=1 dy=1 | yawDelta=0.3 pitchDelta=0.3
  → Updated angles: X=-18.6 Y=-55.2
MOUSE: x=319 y=313 | dx=1 dy=0 | yawDelta=0.3 pitchDelta=0.0
  → Updated angles: X=-18.6 Y=-54.9
MOUSE: x=319 y=314 | dx=0 dy=1 | yawDelta=0.0 pitchDelta=0.3
  → Updated angles: X=-18.3 Y=-54.9
DISPLAY: frame=511
MOUSE: x=320 y=314 | dx=1 dy=0 | yawDelta=0.3 pitchDelta=0.0
  → Updated angles: X=-18.3 Y=-54.6
MOUSE: x=320 y=315 | dx=0 dy=1 | yawDelta=0.0 pitchDelta=0.3
  → Updated angles: X=-18.0 Y=-54.6
MOUSE: x=321 y=315 | dx=1 dy=0 | yawDelta=0.3 pitchDelta=0.0
  → Updated angles: X=-18.0 Y=-54.3
MOUSE: x=321 y=316 | dx=0 dy=1 | yawDelta=0.0 pitchDelta=0.3
  → Updated angles: X=-17.7 Y=-54.3
MOUSE: x=322 y=316 | dx=1 dy=0 | yawDelta=0.3 pitchDelta=0.0
  → Updated angles: X=-17.7 Y=-54.0
MOUSE: x=322 y=317 | dx=0 dy=1 | yawDelta=0.0 pitchDelta=0.3
  → Updated angles: X=-17.4 Y=-54.0
MOUSE: x=323 y=317 | dx=1 dy=0 | yawDelta=0.3 pitchDelta=0.0
  → Updated angles: X=-17.4 Y=-53.7
MOUSE: x=323 y=318 | dx=0 dy=1 | yawDelta=0.0 pitchDelta=0.3
  → Updated angles: X=-17.1 Y=-53.7
MOUSE: x=324 y=318 | dx=1 dy=0 | yawDelta=0.3 pitchDelta=0.0
  → Updated angles: X=-17.1 Y=-53.4
MOUSE: x=324 y=319 | dx=0 dy=1 | yawDelta=0.0 pitchDelta=0.3
  → Updated angles: X=-16.8 Y=-53.4
MOUSE: x=325 y=319 | dx=1 dy=0 | yawDelta=0.3 pitchDelta=0.0
  → Updated angles: X=-16.8 Y=-53.1
MOUSE: x=325 y=320 | dx=0 dy=1 | yawDelta=0.0 pitchDelta=0.3
  → Updated angles: X=-16.5 Y=-53.1
MOUSE: x=326 y=320 | dx=1 dy=0 | yawDelta=0.3 pitchDelta=0.0
  → Updated angles: X=-16.5 Y=-52.8
MOUSE: x=326 y=321 | dx=0 dy=1 | yawDelta=0.0 pitchDelta=0.3
  → Updated angles: X=-16.2 Y=-52.8
MOUSE: x=327 y=321 | dx=1 dy=0 | yawDelta=0.3 pitchDelta=0.0
  → Updated angles: X=-16.2 Y=-52.5
MOUSE: x=327 y=322 | dx=0 dy=1 | yawDelta=0.0 pitchDelta=0.3
  → Updated angles: X=-15.9 Y=-52.5
MOUSE: x=328 y=322 | dx=1 dy=0 | yawDelta=0.3 pitchDelta=0.0
  → Updated angles: X=-15.9 Y=-52.2
MOUSE: x=329 y=323 | dx=1 dy=1 | yawDelta=0.3 pitchDelta=0.3
  → Updated angles: X=-15.6 Y=-51.9
MOUSE: x=329 y=324 | dx=0 dy=1 | yawDelta=0.0 pitchDelta=0.3
  → Updated angles: X=-15.3 Y=-51.9
MOUSE: x=330 y=325 | dx=1 dy=1 | yawDelta=0.3 pitchDelta=0.3
  → Updated angles: X=-15.0 Y=-51.6
MOUSE: x=330 y=326 | dx=0 dy=1 | yawDelta=0.0 pitchDelta=0.3
  → Updated angles: X=-14.7 Y=-51.6
MOUSE: x=331 y=326 | dx=1 dy=0 | yawDelta=0.3 pitchDelta=0.0
  → Updated angles: X=-14.7 Y=-51.3
MOUSE: x=331 y=327 | dx=0 dy=1 | yawDelta=0.0 pitchDelta=0.3
  → Updated angles: X=-14.4 Y=-51.3
MOUSE: x=332 y=328 | dx=1 dy=1 | yawDelta=0.3 pitchDelta=0.3
  → Updated angles: X=-14.1 Y=-51.0
MOUSE: x=332 y=329 | dx=0 dy=1 | yawDelta=0.0 pitchDelta=0.3
  → Updated angles: X=-13.8 Y=-51.0
MOUSE: x=333 y=329 | dx=1 dy=0 | yawDelta=0.3 pitchDelta=0.0
  → Updated angles: X=-13.8 Y=-50.7
MOUSE: x=333 y=330 | dx=0 dy=1 | yawDelta=0.0 pitchDelta=0.3
  → Updated angles: X=-13.5 Y=-50.7
MOUSE: x=334 y=330 | dx=1 dy=0 | yawDelta=0.3 pitchDelta=0.0
  → Updated angles: X=-13.5 Y=-50.4
MOUSE: x=334 y=331 | dx=0 dy=1 | yawDelta=0.0 pitchDelta=0.3
  → Updated angles: X=-13.2 Y=-50.4
MOUSE: x=334 y=332 | dx=0 dy=1 | yawDelta=0.0 pitchDelta=0.3
  → Updated angles: X=-12.9 Y=-50.4
DISPLAY: frame=541
MOUSE: x=335 y=332 | dx=1 dy=0 | yawDelta=0.3 pitchDelta=0.0
  → Updated angles: X=-12.9 Y=-50.1
MOUSE: x=335 y=333 | dx=0 dy=1 | yawDelta=0.0 pitchDelta=0.3
  → Updated angles: X=-12.6 Y=-50.1
MOUSE: x=335 y=334 | dx=0 dy=1 | yawDelta=0.0 pitchDelta=0.3
  → Updated angles: X=-12.3 Y=-50.1
MOUSE: x=336 y=334 | dx=1 dy=0 | yawDelta=0.3 pitchDelta=0.0
  → Updated angles: X=-12.3 Y=-49.8
MOUSE: x=336 y=335 | dx=0 dy=1 | yawDelta=0.0 pitchDelta=0.3
  → Updated angles: X=-12.0 Y=-49.8
MOUSE: x=336 y=336 | dx=0 dy=1 | yawDelta=0.0 pitchDelta=0.3
  → Updated angles: X=-11.7 Y=-49.8
MOUSE: x=337 y=336 | dx=1 dy=0 | yawDelta=0.3 pitchDelta=0.0
  → Updated angles: X=-11.7 Y=-49.5
MOUSE: x=337 y=337 | dx=0 dy=1 | yawDelta=0.0 pitchDelta=0.3
  → Updated angles: X=-11.4 Y=-49.5
MOUSE: x=338 y=338 | dx=1 dy=1 | yawDelta=0.3 pitchDelta=0.3
  → Updated angles: X=-11.1 Y=-49.2
MOUSE: x=339 y=339 | dx=1 dy=1 | yawDelta=0.3 pitchDelta=0.3
  → Updated angles: X=-10.8 Y=-48.9
MOUSE: x=339 y=340 | dx=0 dy=1 | yawDelta=0.0 pitchDelta=0.3
  → Updated angles: X=-10.5 Y=-48.9
MOUSE: x=339 y=341 | dx=0 dy=1 | yawDelta=0.0 pitchDelta=0.3
  → Updated angles: X=-10.2 Y=-48.9
MOUSE: x=340 y=341 | dx=1 dy=0 | yawDelta=0.3 pitchDelta=0.0
  → Updated angles: X=-10.2 Y=-48.6
MOUSE: x=340 y=342 | dx=0 dy=1 | yawDelta=0.0 pitchDelta=0.3
  → Updated angles: X=-9.9 Y=-48.6
MOUSE: x=341 y=344 | dx=1 dy=2 | yawDelta=0.3 pitchDelta=0.6
  → Updated angles: X=-9.3 Y=-48.3
MOUSE: x=342 y=344 | dx=1 dy=0 | yawDelta=0.3 pitchDelta=0.0
  → Updated angles: X=-9.3 Y=-48.0
MOUSE: x=342 y=345 | dx=0 dy=1 | yawDelta=0.0 pitchDelta=0.3
  → Updated angles: X=-9.0 Y=-48.0
MOUSE: x=343 y=346 | dx=1 dy=1 | yawDelta=0.3 pitchDelta=0.3
  → Updated angles: X=-8.7 Y=-47.7
MOUSE: x=344 y=347 | dx=1 dy=1 | yawDelta=0.3 pitchDelta=0.3
  → Updated angles: X=-8.4 Y=-47.4
MOUSE: x=344 y=348 | dx=0 dy=1 | yawDelta=0.0 pitchDelta=0.3
  → Updated angles: X=-8.1 Y=-47.4
MOUSE: x=344 y=349 | dx=0 dy=1 | yawDelta=0.0 pitchDelta=0.3
  → Updated angles: X=-7.8 Y=-47.4
MOUSE: x=344 y=350 | dx=0 dy=1 | yawDelta=0.0 pitchDelta=0.3
  → Updated angles: X=-7.5 Y=-47.4
MOUSE: x=345 y=351 | dx=1 dy=1 | yawDelta=0.3 pitchDelta=0.3
  → Updated angles: X=-7.2 Y=-47.1
MOUSE: x=345 y=352 | dx=0 dy=1 | yawDelta=0.0 pitchDelta=0.3
  → Updated angles: X=-6.9 Y=-47.1
MOUSE: x=346 y=352 | dx=1 dy=0 | yawDelta=0.3 pitchDelta=0.0
  → Updated angles: X=-6.9 Y=-46.8
MOUSE: x=346 y=353 | dx=0 dy=1 | yawDelta=0.0 pitchDelta=0.3
  → Updated angles: X=-6.6 Y=-46.8
MOUSE: x=346 y=354 | dx=0 dy=1 | yawDelta=0.0 pitchDelta=0.3
  → Updated angles: X=-6.3 Y=-46.8
MOUSE: x=347 y=355 | dx=1 dy=1 | yawDelta=0.3 pitchDelta=0.3
  → Updated angles: X=-6.0 Y=-46.5
MOUSE: x=349 y=356 | dx=2 dy=1 | yawDelta=0.6 pitchDelta=0.3
  → Updated angles: X=-5.7 Y=-45.9
MOUSE: x=349 y=357 | dx=0 dy=1 | yawDelta=0.0 pitchDelta=0.3
  → Updated angles: X=-5.4 Y=-45.9
DISPLAY: frame=571
MOUSE: x=349 y=358 | dx=0 dy=1 | yawDelta=0.0 pitchDelta=0.3
  → Updated angles: X=-5.1 Y=-45.9
MOUSE: x=350 y=359 | dx=1 dy=1 | yawDelta=0.3 pitchDelta=0.3
  → Updated angles: X=-4.8 Y=-45.6
MOUSE: x=350 y=360 | dx=0 dy=1 | yawDelta=0.0 pitchDelta=0.3
  → Updated angles: X=-4.5 Y=-45.6
MOUSE: x=351 y=360 | dx=1 dy=0 | yawDelta=0.3 pitchDelta=0.0
  → Updated angles: X=-4.5 Y=-45.3
MOUSE: x=351 y=361 | dx=0 dy=1 | yawDelta=0.0 pitchDelta=0.3
  → Updated angles: X=-4.2 Y=-45.3
MOUSE: x=352 y=362 | dx=1 dy=1 | yawDelta=0.3 pitchDelta=0.3
  → Updated angles: X=-3.9 Y=-45.0
MOUSE: x=352 y=363 | dx=0 dy=1 | yawDelta=0.0 pitchDelta=0.3
  → Updated angles: X=-3.6 Y=-45.0
MOUSE: x=353 y=364 | dx=1 dy=1 | yawDelta=0.3 pitchDelta=0.3
  → Updated angles: X=-3.3 Y=-44.7
MOUSE: x=354 y=365 | dx=1 dy=1 | yawDelta=0.3 pitchDelta=0.3
  → Updated angles: X=-3.0 Y=-44.4
MOUSE: x=354 y=366 | dx=0 dy=1 | yawDelta=0.0 pitchDelta=0.3
  → Updated angles: X=-2.7 Y=-44.4
MOUSE: x=354 y=367 | dx=0 dy=1 | yawDelta=0.0 pitchDelta=0.3
  → Updated angles: X=-2.4 Y=-44.4
MOUSE: x=355 y=368 | dx=1 dy=1 | yawDelta=0.3 pitchDelta=0.3
  → Updated angles: X=-2.1 Y=-44.1
MOUSE: x=356 y=369 | dx=1 dy=1 | yawDelta=0.3 pitchDelta=0.3
  → Updated angles: X=-1.8 Y=-43.8
MOUSE: x=356 y=370 | dx=0 dy=1 | yawDelta=0.0 pitchDelta=0.3
  → Updated angles: X=-1.5 Y=-43.8
MOUSE: x=357 y=371 | dx=1 dy=1 | yawDelta=0.3 pitchDelta=0.3
  → Updated angles: X=-1.2 Y=-43.5
MOUSE: x=357 y=372 | dx=0 dy=1 | yawDelta=0.0 pitchDelta=0.3
  → Updated angles: X=-0.9 Y=-43.5
MOUSE: x=358 y=373 | dx=1 dy=1 | yawDelta=0.3 pitchDelta=0.3
  → Updated angles: X=-0.6 Y=-43.2
MOUSE: x=358 y=374 | dx=0 dy=1 | yawDelta=0.0 pitchDelta=0.3
  → Updated angles: X=-0.3 Y=-43.2
MOUSE: x=358 y=375 | dx=0 dy=1 | yawDelta=0.0 pitchDelta=0.3
  → Updated angles: X=-0.0 Y=-43.2
MOUSE: x=359 y=375 | dx=1 dy=0 | yawDelta=0.3 pitchDelta=0.0
  → Updated angles: X=-0.0 Y=-42.9
MOUSE: x=360 y=376 | dx=1 dy=1 | yawDelta=0.3 pitchDelta=0.3
  → Updated angles: X=0.3 Y=-42.6
MOUSE: x=360 y=377 | dx=0 dy=1 | yawDelta=0.0 pitchDelta=0.3
  → Updated angles: X=0.6 Y=-42.6
MOUSE: x=361 y=378 | dx=1 dy=1 | yawDelta=0.3 pitchDelta=0.3
  → Updated angles: X=0.9 Y=-42.3
MOUSE: x=361 y=379 | dx=0 dy=1 | yawDelta=0.0 pitchDelta=0.3
  → Updated angles: X=1.2 Y=-42.3
MOUSE: x=361 y=380 | dx=0 dy=1 | yawDelta=0.0 pitchDelta=0.3
  → Updated angles: X=1.5 Y=-42.3
MOUSE: x=362 y=380 | dx=1 dy=0 | yawDelta=0.3 pitchDelta=0.0
  → Updated angles: X=1.5 Y=-42.0
MOUSE: x=362 y=381 | dx=0 dy=1 | yawDelta=0.0 pitchDelta=0.3
  → Updated angles: X=1.8 Y=-42.0
MOUSE: x=362 y=382 | dx=0 dy=1 | yawDelta=0.0 pitchDelta=0.3
  → Updated angles: X=2.1 Y=-42.0
MOUSE: x=363 y=383 | dx=1 dy=1 | yawDelta=0.3 pitchDelta=0.3
  → Updated angles: X=2.4 Y=-41.7
MOUSE: x=364 y=384 | dx=1 dy=1 | yawDelta=0.3 pitchDelta=0.3
  → Updated angles: X=2.7 Y=-41.4
DISPLAY: frame=601
MOUSE: x=364 y=385 | dx=0 dy=1 | yawDelta=0.0 pitchDelta=0.3
  → Updated angles: X=3.0 Y=-41.4
MOUSE: x=364 y=386 | dx=0 dy=1 | yawDelta=0.0 pitchDelta=0.3
  → Updated angles: X=3.3 Y=-41.4
MOUSE: x=365 y=386 | dx=1 dy=0 | yawDelta=0.3 pitchDelta=0.0
  → Updated angles: X=3.3 Y=-41.1
MOUSE: x=365 y=387 | dx=0 dy=1 | yawDelta=0.0 pitchDelta=0.3
  → Updated angles: X=3.6 Y=-41.1
MOUSE: x=365 y=388 | dx=0 dy=1 | yawDelta=0.0 pitchDelta=0.3
  → Updated angles: X=3.9 Y=-41.1
MOUSE: x=366 y=388 | dx=1 dy=0 | yawDelta=0.3 pitchDelta=0.0
  → Updated angles: X=3.9 Y=-40.8
MOUSE: x=366 y=390 | dx=0 dy=2 | yawDelta=0.0 pitchDelta=0.6
  → Updated angles: X=4.5 Y=-40.8
MOUSE: x=366 y=391 | dx=0 dy=1 | yawDelta=0.0 pitchDelta=0.3
  → Updated angles: X=4.8 Y=-40.8
MOUSE: x=367 y=391 | dx=1 dy=0 | yawDelta=0.3 pitchDelta=0.0
  → Updated angles: X=4.8 Y=-40.5
MOUSE: x=367 y=392 | dx=0 dy=1 | yawDelta=0.0 pitchDelta=0.3
  → Updated angles: X=5.1 Y=-40.5
MOUSE: x=368 y=393 | dx=1 dy=1 | yawDelta=0.3 pitchDelta=0.3
  → Updated angles: X=5.4 Y=-40.2
MOUSE: x=368 y=394 | dx=0 dy=1 | yawDelta=0.0 pitchDelta=0.3
  → Updated angles: X=5.7 Y=-40.2
MOUSE: x=368 y=395 | dx=0 dy=1 | yawDelta=0.0 pitchDelta=0.3
  → Updated angles: X=6.0 Y=-40.2
MOUSE: x=369 y=395 | dx=1 dy=0 | yawDelta=0.3 pitchDelta=0.0
  → Updated angles: X=6.0 Y=-39.9
MOUSE: x=369 y=396 | dx=0 dy=1 | yawDelta=0.0 pitchDelta=0.3
  → Updated angles: X=6.3 Y=-39.9
MOUSE: x=369 y=397 | dx=0 dy=1 | yawDelta=0.0 pitchDelta=0.3
  → Updated angles: X=6.6 Y=-39.9
MOUSE: x=369 y=398 | dx=0 dy=1 | yawDelta=0.0 pitchDelta=0.3
  → Updated angles: X=6.9 Y=-39.9
MOUSE: x=370 y=399 | dx=1 dy=1 | yawDelta=0.3 pitchDelta=0.3
  → Updated angles: X=7.2 Y=-39.6
MOUSE: x=370 y=400 | dx=0 dy=1 | yawDelta=0.0 pitchDelta=0.3
  → Updated angles: X=7.5 Y=-39.6
MOUSE: x=371 y=400 | dx=1 dy=0 | yawDelta=0.3 pitchDelta=0.0
  → Updated angles: X=7.5 Y=-39.3
MOUSE: x=371 y=401 | dx=0 dy=1 | yawDelta=0.0 pitchDelta=0.3
  → Updated angles: X=7.8 Y=-39.3
MOUSE: x=371 y=402 | dx=0 dy=1 | yawDelta=0.0 pitchDelta=0.3
  → Updated angles: X=8.1 Y=-39.3
MOUSE: x=371 y=403 | dx=0 dy=1 | yawDelta=0.0 pitchDelta=0.3
  → Updated angles: X=8.4 Y=-39.3
MOUSE: x=372 y=403 | dx=1 dy=0 | yawDelta=0.3 pitchDelta=0.0
  → Updated angles: X=8.4 Y=-39.0
MOUSE: x=372 y=404 | dx=0 dy=1 | yawDelta=0.0 pitchDelta=0.3
  → Updated angles: X=8.7 Y=-39.0
MOUSE: x=373 y=405 | dx=1 dy=1 | yawDelta=0.3 pitchDelta=0.3
  → Updated angles: X=9.0 Y=-38.7
MOUSE: x=373 y=406 | dx=0 dy=1 | yawDelta=0.0 pitchDelta=0.3
  → Updated angles: X=9.3 Y=-38.7
MOUSE: x=373 y=407 | dx=0 dy=1 | yawDelta=0.0 pitchDelta=0.3
  → Updated angles: X=9.6 Y=-38.7
MOUSE: x=373 y=408 | dx=0 dy=1 | yawDelta=0.0 pitchDelta=0.3
  → Updated angles: X=9.9 Y=-38.7
MOUSE: x=374 y=408 | dx=1 dy=0 | yawDelta=0.3 pitchDelta=0.0
  → Updated angles: X=9.9 Y=-38.4
DISPLAY: frame=631
MOUSE: x=374 y=409 | dx=0 dy=1 | yawDelta=0.0 pitchDelta=0.3
  → Updated angles: X=10.2 Y=-38.4
MOUSE: x=374 y=410 | dx=0 dy=1 | yawDelta=0.0 pitchDelta=0.3
  → Updated angles: X=10.5 Y=-38.4
MOUSE: x=374 y=411 | dx=0 dy=1 | yawDelta=0.0 pitchDelta=0.3
  → Updated angles: X=10.8 Y=-38.4
MOUSE: x=375 y=411 | dx=1 dy=0 | yawDelta=0.3 pitchDelta=0.0
  → Updated angles: X=10.8 Y=-38.1
MOUSE: x=375 y=412 | dx=0 dy=1 | yawDelta=0.0 pitchDelta=0.3
  → Updated angles: X=11.1 Y=-38.1
MOUSE: x=376 y=412 | dx=1 dy=0 | yawDelta=0.3 pitchDelta=0.0
  → Updated angles: X=11.1 Y=-37.8
MOUSE: x=376 y=413 | dx=0 dy=1 | yawDelta=0.0 pitchDelta=0.3
  → Updated angles: X=11.4 Y=-37.8
MOUSE: x=376 y=414 | dx=0 dy=1 | yawDelta=0.0 pitchDelta=0.3
  → Updated angles: X=11.7 Y=-37.8
MOUSE: x=377 y=414 | dx=1 dy=0 | yawDelta=0.3 pitchDelta=0.0
  → Updated angles: X=11.7 Y=-37.5
MOUSE: x=377 y=415 | dx=0 dy=1 | yawDelta=0.0 pitchDelta=0.3
  → Updated angles: X=12.0 Y=-37.5
MOUSE: x=378 y=415 | dx=1 dy=0 | yawDelta=0.3 pitchDelta=0.0
  → Updated angles: X=12.0 Y=-37.2
MOUSE: x=378 y=416 | dx=0 dy=1 | yawDelta=0.0 pitchDelta=0.3
  → Updated angles: X=12.3 Y=-37.2
MOUSE: x=379 y=417 | dx=1 dy=1 | yawDelta=0.3 pitchDelta=0.3
  → Updated angles: X=12.6 Y=-36.9
MOUSE: x=380 y=417 | dx=1 dy=0 | yawDelta=0.3 pitchDelta=0.0
  → Updated angles: X=12.6 Y=-36.6
MOUSE: x=380 y=418 | dx=0 dy=1 | yawDelta=0.0 pitchDelta=0.3
  → Updated angles: X=12.9 Y=-36.6
MOUSE: x=380 y=419 | dx=0 dy=1 | yawDelta=0.0 pitchDelta=0.3
  → Updated angles: X=13.2 Y=-36.6
MOUSE: x=381 y=419 | dx=1 dy=0 | yawDelta=0.3 pitchDelta=0.0
  → Updated angles: X=13.2 Y=-36.3
MOUSE: x=381 y=420 | dx=0 dy=1 | yawDelta=0.0 pitchDelta=0.3
  → Updated angles: X=13.5 Y=-36.3
MOUSE: x=382 y=420 | dx=1 dy=0 | yawDelta=0.3 pitchDelta=0.0
  → Updated angles: X=13.5 Y=-36.0
MOUSE: x=382 y=422 | dx=0 dy=2 | yawDelta=0.0 pitchDelta=0.6
  → Updated angles: X=14.1 Y=-36.0
MOUSE: x=383 y=422 | dx=1 dy=0 | yawDelta=0.3 pitchDelta=0.0
  → Updated angles: X=14.1 Y=-35.7
MOUSE: x=384 y=423 | dx=1 dy=1 | yawDelta=0.3 pitchDelta=0.3
  → Updated angles: X=14.4 Y=-35.4
MOUSE: x=385 y=424 | dx=1 dy=1 | yawDelta=0.3 pitchDelta=0.3
  → Updated angles: X=14.7 Y=-35.1
MOUSE: x=385 y=425 | dx=0 dy=1 | yawDelta=0.0 pitchDelta=0.3
  → Updated angles: X=15.0 Y=-35.1
MOUSE: x=386 y=425 | dx=1 dy=0 | yawDelta=0.3 pitchDelta=0.0
  → Updated angles: X=15.0 Y=-34.8
MOUSE: x=386 y=426 | dx=0 dy=1 | yawDelta=0.0 pitchDelta=0.3
  → Updated angles: X=15.3 Y=-34.8
MOUSE: x=387 y=427 | dx=1 dy=1 | yawDelta=0.3 pitchDelta=0.3
  → Updated angles: X=15.6 Y=-34.5
MOUSE: x=388 y=428 | dx=1 dy=1 | yawDelta=0.3 pitchDelta=0.3
  → Updated angles: X=15.9 Y=-34.2
MOUSE: x=389 y=428 | dx=1 dy=0 | yawDelta=0.3 pitchDelta=0.0
  → Updated angles: X=15.9 Y=-33.9
MOUSE: x=389 y=429 | dx=0 dy=1 | yawDelta=0.0 pitchDelta=0.3
  → Updated angles: X=16.2 Y=-33.9
MOUSE: x=390 y=429 | dx=1 dy=0 | yawDelta=0.3 pitchDelta=0.0
  → Updated angles: X=16.2 Y=-33.6
MOUSE: x=390 y=430 | dx=0 dy=1 | yawDelta=0.0 pitchDelta=0.3
  → Updated angles: X=16.5 Y=-33.6
DISPLAY: frame=661
MOUSE: x=391 y=430 | dx=1 dy=0 | yawDelta=0.3 pitchDelta=0.0
  → Updated angles: X=16.5 Y=-33.3
MOUSE: x=391 y=431 | dx=0 dy=1 | yawDelta=0.0 pitchDelta=0.3
  → Updated angles: X=16.8 Y=-33.3
MOUSE: x=392 y=431 | dx=1 dy=0 | yawDelta=0.3 pitchDelta=0.0
  → Updated angles: X=16.8 Y=-33.0
MOUSE: x=392 y=432 | dx=0 dy=1 | yawDelta=0.0 pitchDelta=0.3
  → Updated angles: X=17.1 Y=-33.0
MOUSE: x=393 y=432 | dx=1 dy=0 | yawDelta=0.3 pitchDelta=0.0
  → Updated angles: X=17.1 Y=-32.7
MOUSE: x=393 y=431 | dx=0 dy=-1 | yawDelta=0.0 pitchDelta=-0.3
  → Updated angles: X=16.8 Y=-32.7
MOUSE: x=393 y=430 | dx=0 dy=-1 | yawDelta=0.0 pitchDelta=-0.3
  → Updated angles: X=16.5 Y=-32.7
MOUSE: x=394 y=430 | dx=1 dy=0 | yawDelta=0.3 pitchDelta=0.0
  → Updated angles: X=16.5 Y=-32.4
MOUSE: x=394 y=429 | dx=0 dy=-1 | yawDelta=0.0 pitchDelta=-0.3
  → Updated angles: X=16.2 Y=-32.4
MOUSE: x=395 y=429 | dx=1 dy=0 | yawDelta=0.3 pitchDelta=0.0
  → Updated angles: X=16.2 Y=-32.1
MOUSE: x=395 y=428 | dx=0 dy=-1 | yawDelta=0.0 pitchDelta=-0.3
  → Updated angles: X=15.9 Y=-32.1
MOUSE: x=396 y=428 | dx=1 dy=0 | yawDelta=0.3 pitchDelta=0.0
  → Updated angles: X=15.9 Y=-31.8
MOUSE: x=397 y=428 | dx=1 dy=0 | yawDelta=0.3 pitchDelta=0.0
  → Updated angles: X=15.9 Y=-31.5
MOUSE: x=397 y=427 | dx=0 dy=-1 | yawDelta=0.0 pitchDelta=-0.3
  → Updated angles: X=15.6 Y=-31.5
MOUSE: x=398 y=427 | dx=1 dy=0 | yawDelta=0.3 pitchDelta=0.0
  → Updated angles: X=15.6 Y=-31.2
MOUSE: x=398 y=426 | dx=0 dy=-1 | yawDelta=0.0 pitchDelta=-0.3
  → Updated angles: X=15.3 Y=-31.2
MOUSE: x=399 y=426 | dx=1 dy=0 | yawDelta=0.3 pitchDelta=0.0
  → Updated angles: X=15.3 Y=-30.9
MOUSE: x=399 y=425 | dx=0 dy=-1 | yawDelta=0.0 pitchDelta=-0.3
  → Updated angles: X=15.0 Y=-30.9
MOUSE: x=400 y=425 | dx=1 dy=0 | yawDelta=0.3 pitchDelta=0.0
  → Updated angles: X=15.0 Y=-30.6
MOUSE: x=400 y=424 | dx=0 dy=-1 | yawDelta=0.0 pitchDelta=-0.3
  → Updated angles: X=14.7 Y=-30.6
MOUSE: x=401 y=424 | dx=1 dy=0 | yawDelta=0.3 pitchDelta=0.0
  → Updated angles: X=14.7 Y=-30.3
MOUSE: x=401 y=423 | dx=0 dy=-1 | yawDelta=0.0 pitchDelta=-0.3
  → Updated angles: X=14.4 Y=-30.3
MOUSE: x=402 y=423 | dx=1 dy=0 | yawDelta=0.3 pitchDelta=0.0
  → Updated angles: X=14.4 Y=-30.0
MOUSE: x=402 y=422 | dx=0 dy=-1 | yawDelta=0.0 pitchDelta=-0.3
  → Updated angles: X=14.1 Y=-30.0
MOUSE EVENT: button=0 state=1 x=402 y=422
*** DRAG END ***
[017352.000 ms] REL FACE 1 -> UP (front=FRONT up=UP right=RIGHT) angles(X=14.1,Y=-30.0)
ROTATE UP CW: colors swapped, positions preserved
[017352.000 ms] ROTATE UP CW: pieces [6,7,8,15,16,17,24,25,26]
[017352.000 ms] Piece 6 AFTER: F=[0.0,1.0,0.0] B=[0.1,0.1,0.1] L=[1.0,0.0,0.0] R=[0.1,0.1,0.1] U=[1.0,1.0,1.0] D=[0.1,0.1,0.1]
[017833.000 ms] REL FACE 1 -> UP (front=FRONT up=UP right=RIGHT) angles(X=14.1,Y=-30.0)
ROTATE UP CW: colors swapped, positions preserved
[017833.000 ms] ROTATE UP CW: pieces [6,7,8,15,16,17,24,25,26]
[017833.000 ms] Piece 6 AFTER: F=[1.0,0.5,0.0] B=[0.1,0.1,0.1] L=[0.0,1.0,0.0] R=[0.1,0.1,0.1] U=[1.0,1.0,1.0] D=[0.1,0.1,0.1]
[018197.000 ms] REL FACE 1 -> UP (front=FRONT up=UP right=RIGHT) angles(X=14.1,Y=-30.0)
ROTATE UP CW: colors swapped, positions preserved
[018197.000 ms] ROTATE UP CW: pieces [6,7,8,15,16,17,24,25,26]
[018197.000 ms] Piece 6 AFTER: F=[0.0,0.0,1.0] B=[0.1,0.1,0.1] L=[1.0,0.5,0.0] R=[0.1,0.1,0.1] U=[1.0,1.0,1.0] D=[0.1,0.1,0.1]
[018593.000 ms] REL FACE 1 -> UP (front=FRONT up=UP right=RIGHT) angles(X=14.1,Y=-30.0)
ROTATE UP CW: colors swapped, positions preserved
[018593.000 ms] ROTATE UP CW: pieces [6,7,8,15,16,17,24,25,26]
[018593.000 ms] Piece 6 AFTER: F=[1.0,0.0,0.0] B=[0.1,0.1,0.1] L=[0.0,0.0,1.0] R=[0.1,0.1,0.1] U=[1.0,1.0,1.0] D=[0.1,0.1,0.1]
KEYBOARD: UP pressed | angleX=9.1 angleY=-30.0
DISPLAY: frame=691
KEYBOARD: UP pressed | angleX=4.1 angleY=-30.0
KEYBOARD: UP pressed | angleX=-0.9 angleY=-30.0
KEYBOARD: UP pressed | angleX=-5.9 angleY=-30.0
KEYBOARD: UP pressed | angleX=-10.9 angleY=-30.0
KEYBOARD: UP pressed | angleX=-15.9 angleY=-30.0
KEYBOARD: UP pressed | angleX=-20.9 angleY=-30.0
KEYBOARD: UP pressed | angleX=-25.9 angleY=-30.0
KEYBOARD: UP pressed | angleX=-30.9 angleY=-30.0
KEYBOARD: UP pressed | angleX=-35.9 angleY=-30.0
KEYBOARD: UP pressed | angleX=-40.9 angleY=-30.0
KEYBOARD: UP pressed | angleX=-45.9 angleY=-30.0
KEYBOARD: UP pressed | angleX=-50.9 angleY=-30.0
KEYBOARD: UP pressed | angleX=-55.9 angleY=-30.0
KEYBOARD: UP pressed | angleX=-60.9 angleY=-30.0
KEYBOARD: UP pressed | angleX=-65.9 angleY=-30.0
KEYBOARD: UP pressed | angleX=-70.9 angleY=-30.0
KEYBOARD: UP pressed | angleX=-75.9 angleY=-30.0
KEYBOARD: UP pressed | angleX=-80.9 angleY=-30.0
KEYBOARD: UP pressed | angleX=-85.9 angleY=-30.0
KEYBOARD: UP pressed | angleX=-90.9 angleY=-30.0
KEYBOARD: UP pressed | angleX=-95.9 angleY=-30.0
KEYBOARD: UP pressed | angleX=-100.9 angleY=-30.0
KEYBOARD: UP pressed | angleX=-105.9 angleY=-30.0
KEYBOARD: UP pressed | angleX=-110.9 angleY=-30.0
KEYBOARD: UP pressed | angleX=-115.9 angleY=-30.0
KEYBOARD: UP pressed | angleX=-120.9 angleY=-30.0
KEYBOARD: UP pressed | angleX=-125.9 angleY=-30.0
KEYBOARD: UP pressed | angleX=-130.9 angleY=-30.0
